<?xml version="1.0" encoding="UTF-8"?>
<!-- Generated by org.testng.reporters.JUnitReportReporter -->
<testsuite hostname="DESKTOP-5VHKQUJ" failures="0" tests="1" name="com.ae.qa.testcasesTenantAdmin.CataloguePageTestTA" time="32.856" errors="0" timestamp="18 Oct 2022 09:55:40 GMT" skipped="0">
  <testcase classname="com.ae.qa.testcasesTenantAdmin.CataloguePageTestTA" name="validateSubmitRequestDefaultCategoryTest" time="32.856"/>
</testsuite> <!-- com.ae.qa.testcasesTenantAdmin.CataloguePageTestTA -->
