<?xml version="1.0" encoding="UTF-8"?>
<!-- Generated by org.testng.reporters.JUnitReportReporter -->
<testsuite hostname="DESKTOP-5VHKQUJ" failures="0" tests="1" name="com.ae.qa.testcases.SystemUsersPageTest" time="70.875" errors="0" timestamp="28 Nov 2022 12:41:46 GMT" skipped="0">
  <testcase classname="com.ae.qa.testcases.SystemUsersPageTest" name="validateDeleteSystemAdminTest" time="70.875"/>
</testsuite> <!-- com.ae.qa.testcases.SystemUsersPageTest -->
