<?xml version="1.0" encoding="UTF-8"?>
<!-- Generated by org.testng.reporters.JUnitReportReporter -->
<testsuite hostname="DESKTOP-5VHKQUJ" failures="0" tests="1" name="com.ae.qa.testcases.ArtifactsPageTest" time="155.105" errors="0" timestamp="21 Apr 2022 15:15:01 GMT" skipped="0">
  <testcase classname="com.ae.qa.testcases.ArtifactsPageTest" name="validateUploadPSTest" time="155.105"/>
</testsuite> <!-- com.ae.qa.testcases.ArtifactsPageTest -->
