<?xml version="1.0" encoding="UTF-8"?>
<!-- Generated by org.testng.reporters.JUnitReportReporter -->
<testsuite hostname="DESKTOP-5VHKQUJ" failures="0" tests="1" name="com.ae.qa.testcasesTenantAdmin.RequestsPageTestTA" time="33.883" errors="1" timestamp="20 Oct 2022 04:35:24 GMT" skipped="0">
  <testcase classname="com.ae.qa.testcasesTenantAdmin.RequestsPageTestTA" name="validateRequestFailureReasonTest" time="33.883">
    <error type="java.lang.StackOverflowError">
      <![CDATA[java.lang.StackOverflowError
at java.base/java.util.HashMap.hash(HashMap.java:340)
at java.base/java.util.HashMap.put(HashMap.java:612)
at java.base/java.util.HashSet.add(HashSet.java:221)
at org.openqa.selenium.support.AbstractFindByBuilder.assertValidFindBy(AbstractFindByBuilder.java:106)
at org.openqa.selenium.support.FindBy$FindByBuilder.buildIt(FindBy.java:82)
at org.openqa.selenium.support.pagefactory.Annotations.buildBy(Annotations.java:77)
at org.openqa.selenium.support.pagefactory.DefaultElementLocator.<init>(DefaultElementLocator.java:58)
at org.openqa.selenium.support.pagefactory.DefaultElementLocator.<init>(DefaultElementLocator.java:46)
at org.openqa.selenium.support.pagefactory.DefaultElementLocatorFactory.createLocator(DefaultElementLocatorFactory.java:32)
at org.openqa.selenium.support.pagefactory.DefaultFieldDecorator.decorate(DefaultFieldDecorator.java:56)
at org.openqa.selenium.support.PageFactory.proxyFields(PageFactory.java:113)
at org.openqa.selenium.support.PageFactory.initElements(PageFactory.java:105)
at org.openqa.selenium.support.PageFactory.initElements(PageFactory.java:92)
at org.openqa.selenium.support.PageFactory.initElements(PageFactory.java:79)
at com.ae.qa.pages.WebElements.<init>(WebElements.java:33)
at com.ae.qa.pagesTenantAdmin.InformationPageTA.<init>(InformationPageTA.java:27)
at com.ae.qa.pagesTenantAdmin.RequestsPageTA.<init>(RequestsPageTA.java:25)
at com.ae.qa.pagesTenantAdmin.CataloguePageTA.<init>(CataloguePageTA.java:26)
at com.ae.qa.pagesTenantAdmin.WorkflowListPageTA.<init>(WorkflowListPageTA.java:33)
at com.ae.qa.pagesTenantAdmin.RequestsPageTA.<init>(RequestsPageTA.java:26)
at com.ae.qa.pagesTenantAdmin.CataloguePageTA.<init>(CataloguePageTA.java:26)
at com.ae.qa.pagesTenantAdmin.WorkflowListPageTA.<init>(WorkflowListPageTA.java:33)
at com.ae.qa.pagesTenantAdmin.RequestsPageTA.<init>(RequestsPageTA.java:26)
at com.ae.qa.pagesTenantAdmin.CataloguePageTA.<init>(CataloguePageTA.java:26)
at com.ae.qa.pagesTenantAdmin.WorkflowListPageTA.<init>(WorkflowListPageTA.java:33)
at com.ae.qa.pagesTenantAdmin.RequestsPageTA.<init>(RequestsPageTA.java:26)
at com.ae.qa.pagesTenantAdmin.CataloguePageTA.<init>(CataloguePageTA.java:26)
at com.ae.qa.pagesTenantAdmin.WorkflowListPageTA.<init>(WorkflowListPageTA.java:33)
at com.ae.qa.pagesTenantAdmin.RequestsPageTA.<init>(RequestsPageTA.java:26)
at com.ae.qa.pagesTenantAdmin.CataloguePageTA.<init>(CataloguePageTA.java:26)
at com.ae.qa.pagesTenantAdmin.WorkflowListPageTA.<init>(WorkflowListPageTA.java:33)
at com.ae.qa.pagesTenantAdmin.RequestsPageTA.<init>(RequestsPageTA.java:26)
at com.ae.qa.pagesTenantAdmin.CataloguePageTA.<init>(CataloguePageTA.java:26)
at com.ae.qa.pagesTenantAdmin.WorkflowListPageTA.<init>(WorkflowListPageTA.java:33)
at com.ae.qa.pagesTenantAdmin.RequestsPageTA.<init>(RequestsPageTA.java:26)
at com.ae.qa.pagesTenantAdmin.CataloguePageTA.<init>(CataloguePageTA.java:26)
at com.ae.qa.pagesTenantAdmin.WorkflowListPageTA.<init>(WorkflowListPageTA.java:33)
at com.ae.qa.pagesTenantAdmin.RequestsPageTA.<init>(RequestsPageTA.java:26)
at com.ae.qa.pagesTenantAdmin.CataloguePageTA.<init>(CataloguePageTA.java:26)
at com.ae.qa.pagesTenantAdmin.WorkflowListPageTA.<init>(WorkflowListPageTA.java:33)
at com.ae.qa.pagesTenantAdmin.RequestsPageTA.<init>(RequestsPageTA.java:26)
at com.ae.qa.pagesTenantAdmin.CataloguePageTA.<init>(CataloguePageTA.java:26)
at com.ae.qa.pagesTenantAdmin.WorkflowListPageTA.<init>(WorkflowListPageTA.java:33)
at com.ae.qa.pagesTenantAdmin.RequestsPageTA.<init>(RequestsPageTA.java:26)
at com.ae.qa.pagesTenantAdmin.CataloguePageTA.<init>(CataloguePageTA.java:26)
at com.ae.qa.pagesTenantAdmin.WorkflowListPageTA.<init>(WorkflowListPageTA.java:33)
at com.ae.qa.pagesTenantAdmin.RequestsPageTA.<init>(RequestsPageTA.java:26)
at com.ae.qa.pagesTenantAdmin.CataloguePageTA.<init>(CataloguePageTA.java:26)
at com.ae.qa.pagesTenantAdmin.WorkflowListPageTA.<init>(WorkflowListPageTA.java:33)
at com.ae.qa.pagesTenantAdmin.RequestsPageTA.<init>(RequestsPageTA.java:26)
at com.ae.qa.pagesTenantAdmin.CataloguePageTA.<init>(CataloguePageTA.java:26)
at com.ae.qa.pagesTenantAdmin.WorkflowListPageTA.<init>(WorkflowListPageTA.java:33)
at com.ae.qa.pagesTenantAdmin.RequestsPageTA.<init>(RequestsPageTA.java:26)
at com.ae.qa.pagesTenantAdmin.CataloguePageTA.<init>(CataloguePageTA.java:26)
at com.ae.qa.pagesTenantAdmin.WorkflowListPageTA.<init>(WorkflowListPageTA.java:33)
at com.ae.qa.pagesTenantAdmin.RequestsPageTA.<init>(RequestsPageTA.java:26)
at com.ae.qa.pagesTenantAdmin.CataloguePageTA.<init>(CataloguePageTA.java:26)
at com.ae.qa.pagesTenantAdmin.WorkflowListPageTA.<init>(WorkflowListPageTA.java:33)
at com.ae.qa.pagesTenantAdmin.RequestsPageTA.<init>(RequestsPageTA.java:26)
at com.ae.qa.pagesTenantAdmin.CataloguePageTA.<init>(CataloguePageTA.java:26)
at com.ae.qa.pagesTenantAdmin.WorkflowListPageTA.<init>(WorkflowListPageTA.java:33)
at com.ae.qa.pagesTenantAdmin.RequestsPageTA.<init>(RequestsPageTA.java:26)
at com.ae.qa.pagesTenantAdmin.CataloguePageTA.<init>(CataloguePageTA.java:26)
at com.ae.qa.pagesTenantAdmin.WorkflowListPageTA.<init>(WorkflowListPageTA.java:33)
at com.ae.qa.pagesTenantAdmin.RequestsPageTA.<init>(RequestsPageTA.java:26)
at com.ae.qa.pagesTenantAdmin.CataloguePageTA.<init>(CataloguePageTA.java:26)
at com.ae.qa.pagesTenantAdmin.WorkflowListPageTA.<init>(WorkflowListPageTA.java:33)
at com.ae.qa.pagesTenantAdmin.RequestsPageTA.<init>(RequestsPageTA.java:26)
at com.ae.qa.pagesTenantAdmin.CataloguePageTA.<init>(CataloguePageTA.java:26)
at com.ae.qa.pagesTenantAdmin.WorkflowListPageTA.<init>(WorkflowListPageTA.java:33)
at com.ae.qa.pagesTenantAdmin.RequestsPageTA.<init>(RequestsPageTA.java:26)
at com.ae.qa.pagesTenantAdmin.CataloguePageTA.<init>(CataloguePageTA.java:26)
at com.ae.qa.pagesTenantAdmin.WorkflowListPageTA.<init>(WorkflowListPageTA.java:33)
at com.ae.qa.pagesTenantAdmin.RequestsPageTA.<init>(RequestsPageTA.java:26)
at com.ae.qa.pagesTenantAdmin.CataloguePageTA.<init>(CataloguePageTA.java:26)
at com.ae.qa.pagesTenantAdmin.WorkflowListPageTA.<init>(WorkflowListPageTA.java:33)
at com.ae.qa.pagesTenantAdmin.RequestsPageTA.<init>(RequestsPageTA.java:26)
at com.ae.qa.pagesTenantAdmin.CataloguePageTA.<init>(CataloguePageTA.java:26)
at com.ae.qa.pagesTenantAdmin.WorkflowListPageTA.<init>(WorkflowListPageTA.java:33)
at com.ae.qa.pagesTenantAdmin.RequestsPageTA.<init>(RequestsPageTA.java:26)
at com.ae.qa.pagesTenantAdmin.CataloguePageTA.<init>(CataloguePageTA.java:26)
at com.ae.qa.pagesTenantAdmin.WorkflowListPageTA.<init>(WorkflowListPageTA.java:33)
at com.ae.qa.pagesTenantAdmin.RequestsPageTA.<init>(RequestsPageTA.java:26)
at com.ae.qa.pagesTenantAdmin.CataloguePageTA.<init>(CataloguePageTA.java:26)
at com.ae.qa.pagesTenantAdmin.WorkflowListPageTA.<init>(WorkflowListPageTA.java:33)
at com.ae.qa.pagesTenantAdmin.RequestsPageTA.<init>(RequestsPageTA.java:26)
at com.ae.qa.pagesTenantAdmin.CataloguePageTA.<init>(CataloguePageTA.java:26)
at com.ae.qa.pagesTenantAdmin.WorkflowListPageTA.<init>(WorkflowListPageTA.java:33)
at com.ae.qa.pagesTenantAdmin.RequestsPageTA.<init>(RequestsPageTA.java:26)
at com.ae.qa.pagesTenantAdmin.CataloguePageTA.<init>(CataloguePageTA.java:26)
at com.ae.qa.pagesTenantAdmin.WorkflowListPageTA.<init>(WorkflowListPageTA.java:33)
at com.ae.qa.pagesTenantAdmin.RequestsPageTA.<init>(RequestsPageTA.java:26)
at com.ae.qa.pagesTenantAdmin.CataloguePageTA.<init>(CataloguePageTA.java:26)
at com.ae.qa.pagesTenantAdmin.WorkflowListPageTA.<init>(WorkflowListPageTA.java:33)
at com.ae.qa.pagesTenantAdmin.RequestsPageTA.<init>(RequestsPageTA.java:26)
at com.ae.qa.pagesTenantAdmin.CataloguePageTA.<init>(CataloguePageTA.java:26)
at com.ae.qa.pagesTenantAdmin.WorkflowListPageTA.<init>(WorkflowListPageTA.java:33)
at com.ae.qa.pagesTenantAdmin.RequestsPageTA.<init>(RequestsPageTA.java:26)
at com.ae.qa.pagesTenantAdmin.CataloguePageTA.<init>(CataloguePageTA.java:26)
at com.ae.qa.pagesTenantAdmin.WorkflowListPageTA.<init>(WorkflowListPageTA.java:33)
at com.ae.qa.pagesTenantAdmin.RequestsPageTA.<init>(RequestsPageTA.java:26)
at com.ae.qa.pagesTenantAdmin.CataloguePageTA.<init>(CataloguePageTA.java:26)
at com.ae.qa.pagesTenantAdmin.WorkflowListPageTA.<init>(WorkflowListPageTA.java:33)
at com.ae.qa.pagesTenantAdmin.RequestsPageTA.<init>(RequestsPageTA.java:26)
at com.ae.qa.pagesTenantAdmin.CataloguePageTA.<init>(CataloguePageTA.java:26)
at com.ae.qa.pagesTenantAdmin.WorkflowListPageTA.<init>(WorkflowListPageTA.java:33)
at com.ae.qa.pagesTenantAdmin.RequestsPageTA.<init>(RequestsPageTA.java:26)
at com.ae.qa.pagesTenantAdmin.CataloguePageTA.<init>(CataloguePageTA.java:26)
at com.ae.qa.pagesTenantAdmin.WorkflowListPageTA.<init>(WorkflowListPageTA.java:33)
at com.ae.qa.pagesTenantAdmin.RequestsPageTA.<init>(RequestsPageTA.java:26)
at com.ae.qa.pagesTenantAdmin.CataloguePageTA.<init>(CataloguePageTA.java:26)
at com.ae.qa.pagesTenantAdmin.WorkflowListPageTA.<init>(WorkflowListPageTA.java:33)
at com.ae.qa.pagesTenantAdmin.RequestsPageTA.<init>(RequestsPageTA.java:26)
at com.ae.qa.pagesTenantAdmin.CataloguePageTA.<init>(CataloguePageTA.java:26)
at com.ae.qa.pagesTenantAdmin.WorkflowListPageTA.<init>(WorkflowListPageTA.java:33)
at com.ae.qa.pagesTenantAdmin.RequestsPageTA.<init>(RequestsPageTA.java:26)
at com.ae.qa.pagesTenantAdmin.CataloguePageTA.<init>(CataloguePageTA.java:26)
at com.ae.qa.pagesTenantAdmin.WorkflowListPageTA.<init>(WorkflowListPageTA.java:33)
at com.ae.qa.pagesTenantAdmin.RequestsPageTA.<init>(RequestsPageTA.java:26)
at com.ae.qa.pagesTenantAdmin.CataloguePageTA.<init>(CataloguePageTA.java:26)
at com.ae.qa.pagesTenantAdmin.WorkflowListPageTA.<init>(WorkflowListPageTA.java:33)
at com.ae.qa.pagesTenantAdmin.RequestsPageTA.<init>(RequestsPageTA.java:26)
at com.ae.qa.pagesTenantAdmin.CataloguePageTA.<init>(CataloguePageTA.java:26)
at com.ae.qa.pagesTenantAdmin.WorkflowListPageTA.<init>(WorkflowListPageTA.java:33)
at com.ae.qa.pagesTenantAdmin.RequestsPageTA.<init>(RequestsPageTA.java:26)
at com.ae.qa.pagesTenantAdmin.CataloguePageTA.<init>(CataloguePageTA.java:26)
at com.ae.qa.pagesTenantAdmin.WorkflowListPageTA.<init>(WorkflowListPageTA.java:33)
at com.ae.qa.pagesTenantAdmin.RequestsPageTA.<init>(RequestsPageTA.java:26)
at com.ae.qa.pagesTenantAdmin.CataloguePageTA.<init>(CataloguePageTA.java:26)
at com.ae.qa.pagesTenantAdmin.WorkflowListPageTA.<init>(WorkflowListPageTA.java:33)
at com.ae.qa.pagesTenantAdmin.RequestsPageTA.<init>(RequestsPageTA.java:26)
at com.ae.qa.pagesTenantAdmin.CataloguePageTA.<init>(CataloguePageTA.java:26)
at com.ae.qa.pagesTenantAdmin.WorkflowListPageTA.<init>(WorkflowListPageTA.java:33)
at com.ae.qa.pagesTenantAdmin.RequestsPageTA.<init>(RequestsPageTA.java:26)
at com.ae.qa.pagesTenantAdmin.CataloguePageTA.<init>(CataloguePageTA.java:26)
at com.ae.qa.pagesTenantAdmin.WorkflowListPageTA.<init>(WorkflowListPageTA.java:33)
at com.ae.qa.pagesTenantAdmin.RequestsPageTA.<init>(RequestsPageTA.java:26)
at com.ae.qa.pagesTenantAdmin.CataloguePageTA.<init>(CataloguePageTA.java:26)
at com.ae.qa.pagesTenantAdmin.WorkflowListPageTA.<init>(WorkflowListPageTA.java:33)
at com.ae.qa.pagesTenantAdmin.RequestsPageTA.<init>(RequestsPageTA.java:26)
at com.ae.qa.pagesTenantAdmin.CataloguePageTA.<init>(CataloguePageTA.java:26)
at com.ae.qa.pagesTenantAdmin.WorkflowListPageTA.<init>(WorkflowListPageTA.java:33)
at com.ae.qa.pagesTenantAdmin.RequestsPageTA.<init>(RequestsPageTA.java:26)
at com.ae.qa.pagesTenantAdmin.CataloguePageTA.<init>(CataloguePageTA.java:26)
at com.ae.qa.pagesTenantAdmin.WorkflowListPageTA.<init>(WorkflowListPageTA.java:33)
at com.ae.qa.pagesTenantAdmin.RequestsPageTA.<init>(RequestsPageTA.java:26)
at com.ae.qa.pagesTenantAdmin.CataloguePageTA.<init>(CataloguePageTA.java:26)
at com.ae.qa.pagesTenantAdmin.WorkflowListPageTA.<init>(WorkflowListPageTA.java:33)
at com.ae.qa.pagesTenantAdmin.RequestsPageTA.<init>(RequestsPageTA.java:26)
at com.ae.qa.pagesTenantAdmin.CataloguePageTA.<init>(CataloguePageTA.java:26)
at com.ae.qa.pagesTenantAdmin.WorkflowListPageTA.<init>(WorkflowListPageTA.java:33)
at com.ae.qa.pagesTenantAdmin.RequestsPageTA.<init>(RequestsPageTA.java:26)
at com.ae.qa.pagesTenantAdmin.CataloguePageTA.<init>(CataloguePageTA.java:26)
at com.ae.qa.pagesTenantAdmin.WorkflowListPageTA.<init>(WorkflowListPageTA.java:33)
at com.ae.qa.pagesTenantAdmin.RequestsPageTA.<init>(RequestsPageTA.java:26)
at com.ae.qa.pagesTenantAdmin.CataloguePageTA.<init>(CataloguePageTA.java:26)
at com.ae.qa.pagesTenantAdmin.WorkflowListPageTA.<init>(WorkflowListPageTA.java:33)
at com.ae.qa.pagesTenantAdmin.RequestsPageTA.<init>(RequestsPageTA.java:26)
at com.ae.qa.pagesTenantAdmin.CataloguePageTA.<init>(CataloguePageTA.java:26)
at com.ae.qa.pagesTenantAdmin.WorkflowListPageTA.<init>(WorkflowListPageTA.java:33)
at com.ae.qa.pagesTenantAdmin.RequestsPageTA.<init>(RequestsPageTA.java:26)
at com.ae.qa.pagesTenantAdmin.CataloguePageTA.<init>(CataloguePageTA.java:26)
at com.ae.qa.pagesTenantAdmin.WorkflowListPageTA.<init>(WorkflowListPageTA.java:33)
at com.ae.qa.pagesTenantAdmin.RequestsPageTA.<init>(RequestsPageTA.java:26)
at com.ae.qa.pagesTenantAdmin.CataloguePageTA.<init>(CataloguePageTA.java:26)
at com.ae.qa.pagesTenantAdmin.WorkflowListPageTA.<init>(WorkflowListPageTA.java:33)
at com.ae.qa.pagesTenantAdmin.RequestsPageTA.<init>(RequestsPageTA.java:26)
at com.ae.qa.pagesTenantAdmin.CataloguePageTA.<init>(CataloguePageTA.java:26)
at com.ae.qa.pagesTenantAdmin.WorkflowListPageTA.<init>(WorkflowListPageTA.java:33)
at com.ae.qa.pagesTenantAdmin.RequestsPageTA.<init>(RequestsPageTA.java:26)
at com.ae.qa.pagesTenantAdmin.CataloguePageTA.<init>(CataloguePageTA.java:26)
at com.ae.qa.pagesTenantAdmin.WorkflowListPageTA.<init>(WorkflowListPageTA.java:33)
at com.ae.qa.pagesTenantAdmin.RequestsPageTA.<init>(RequestsPageTA.java:26)
at com.ae.qa.pagesTenantAdmin.CataloguePageTA.<init>(CataloguePageTA.java:26)
at com.ae.qa.pagesTenantAdmin.WorkflowListPageTA.<init>(WorkflowListPageTA.java:33)
at com.ae.qa.pagesTenantAdmin.RequestsPageTA.<init>(RequestsPageTA.java:26)
at com.ae.qa.pagesTenantAdmin.CataloguePageTA.<init>(CataloguePageTA.java:26)
at com.ae.qa.pagesTenantAdmin.WorkflowListPageTA.<init>(WorkflowListPageTA.java:33)
at com.ae.qa.pagesTenantAdmin.RequestsPageTA.<init>(RequestsPageTA.java:26)
at com.ae.qa.pagesTenantAdmin.CataloguePageTA.<init>(CataloguePageTA.java:26)
at com.ae.qa.pagesTenantAdmin.WorkflowListPageTA.<init>(WorkflowListPageTA.java:33)
at com.ae.qa.pagesTenantAdmin.RequestsPageTA.<init>(RequestsPageTA.java:26)
at com.ae.qa.pagesTenantAdmin.CataloguePageTA.<init>(CataloguePageTA.java:26)
at com.ae.qa.pagesTenantAdmin.WorkflowListPageTA.<init>(WorkflowListPageTA.java:33)
at com.ae.qa.pagesTenantAdmin.RequestsPageTA.<init>(RequestsPageTA.java:26)
at com.ae.qa.pagesTenantAdmin.CataloguePageTA.<init>(CataloguePageTA.java:26)
at com.ae.qa.pagesTenantAdmin.WorkflowListPageTA.<init>(WorkflowListPageTA.java:33)
at com.ae.qa.pagesTenantAdmin.RequestsPageTA.<init>(RequestsPageTA.java:26)
at com.ae.qa.pagesTenantAdmin.CataloguePageTA.<init>(CataloguePageTA.java:26)
at com.ae.qa.pagesTenantAdmin.WorkflowListPageTA.<init>(WorkflowListPageTA.java:33)
at com.ae.qa.pagesTenantAdmin.RequestsPageTA.<init>(RequestsPageTA.java:26)
at com.ae.qa.pagesTenantAdmin.CataloguePageTA.<init>(CataloguePageTA.java:26)
at com.ae.qa.pagesTenantAdmin.WorkflowListPageTA.<init>(WorkflowListPageTA.java:33)
at com.ae.qa.pagesTenantAdmin.RequestsPageTA.<init>(RequestsPageTA.java:26)
at com.ae.qa.pagesTenantAdmin.CataloguePageTA.<init>(CataloguePageTA.java:26)
at com.ae.qa.pagesTenantAdmin.WorkflowListPageTA.<init>(WorkflowListPageTA.java:33)
at com.ae.qa.pagesTenantAdmin.RequestsPageTA.<init>(RequestsPageTA.java:26)
at com.ae.qa.pagesTenantAdmin.CataloguePageTA.<init>(CataloguePageTA.java:26)
at com.ae.qa.pagesTenantAdmin.WorkflowListPageTA.<init>(WorkflowListPageTA.java:33)
at com.ae.qa.pagesTenantAdmin.RequestsPageTA.<init>(RequestsPageTA.java:26)
at com.ae.qa.pagesTenantAdmin.CataloguePageTA.<init>(CataloguePageTA.java:26)
at com.ae.qa.pagesTenantAdmin.WorkflowListPageTA.<init>(WorkflowListPageTA.java:33)
at com.ae.qa.pagesTenantAdmin.RequestsPageTA.<init>(RequestsPageTA.java:26)
at com.ae.qa.pagesTenantAdmin.CataloguePageTA.<init>(CataloguePageTA.java:26)
at com.ae.qa.pagesTenantAdmin.WorkflowListPageTA.<init>(WorkflowListPageTA.java:33)
at com.ae.qa.pagesTenantAdmin.RequestsPageTA.<init>(RequestsPageTA.java:26)
at com.ae.qa.pagesTenantAdmin.CataloguePageTA.<init>(CataloguePageTA.java:26)
at com.ae.qa.pagesTenantAdmin.WorkflowListPageTA.<init>(WorkflowListPageTA.java:33)
at com.ae.qa.pagesTenantAdmin.RequestsPageTA.<init>(RequestsPageTA.java:26)
at com.ae.qa.pagesTenantAdmin.CataloguePageTA.<init>(CataloguePageTA.java:26)
at com.ae.qa.pagesTenantAdmin.WorkflowListPageTA.<init>(WorkflowListPageTA.java:33)
at com.ae.qa.pagesTenantAdmin.RequestsPageTA.<init>(RequestsPageTA.java:26)
at com.ae.qa.pagesTenantAdmin.CataloguePageTA.<init>(CataloguePageTA.java:26)
at com.ae.qa.pagesTenantAdmin.WorkflowListPageTA.<init>(WorkflowListPageTA.java:33)
at com.ae.qa.pagesTenantAdmin.RequestsPageTA.<init>(RequestsPageTA.java:26)
at com.ae.qa.pagesTenantAdmin.CataloguePageTA.<init>(CataloguePageTA.java:26)
at com.ae.qa.pagesTenantAdmin.WorkflowListPageTA.<init>(WorkflowListPageTA.java:33)
at com.ae.qa.pagesTenantAdmin.RequestsPageTA.<init>(RequestsPageTA.java:26)
at com.ae.qa.pagesTenantAdmin.CataloguePageTA.<init>(CataloguePageTA.java:26)
at com.ae.qa.pagesTenantAdmin.WorkflowListPageTA.<init>(WorkflowListPageTA.java:33)
at com.ae.qa.pagesTenantAdmin.RequestsPageTA.<init>(RequestsPageTA.java:26)
at com.ae.qa.pagesTenantAdmin.CataloguePageTA.<init>(CataloguePageTA.java:26)
at com.ae.qa.pagesTenantAdmin.WorkflowListPageTA.<init>(WorkflowListPageTA.java:33)
at com.ae.qa.pagesTenantAdmin.RequestsPageTA.<init>(RequestsPageTA.java:26)
at com.ae.qa.pagesTenantAdmin.CataloguePageTA.<init>(CataloguePageTA.java:26)
at com.ae.qa.pagesTenantAdmin.WorkflowListPageTA.<init>(WorkflowListPageTA.java:33)
at com.ae.qa.pagesTenantAdmin.RequestsPageTA.<init>(RequestsPageTA.java:26)
at com.ae.qa.pagesTenantAdmin.CataloguePageTA.<init>(CataloguePageTA.java:26)
at com.ae.qa.pagesTenantAdmin.WorkflowListPageTA.<init>(WorkflowListPageTA.java:33)
at com.ae.qa.pagesTenantAdmin.RequestsPageTA.<init>(RequestsPageTA.java:26)
at com.ae.qa.pagesTenantAdmin.CataloguePageTA.<init>(CataloguePageTA.java:26)
at com.ae.qa.pagesTenantAdmin.WorkflowListPageTA.<init>(WorkflowListPageTA.java:33)
at com.ae.qa.pagesTenantAdmin.RequestsPageTA.<init>(RequestsPageTA.java:26)
at com.ae.qa.pagesTenantAdmin.CataloguePageTA.<init>(CataloguePageTA.java:26)
at com.ae.qa.pagesTenantAdmin.WorkflowListPageTA.<init>(WorkflowListPageTA.java:33)
at com.ae.qa.pagesTenantAdmin.RequestsPageTA.<init>(RequestsPageTA.java:26)
at com.ae.qa.pagesTenantAdmin.CataloguePageTA.<init>(CataloguePageTA.java:26)
at com.ae.qa.pagesTenantAdmin.WorkflowListPageTA.<init>(WorkflowListPageTA.java:33)
at com.ae.qa.pagesTenantAdmin.RequestsPageTA.<init>(RequestsPageTA.java:26)
at com.ae.qa.pagesTenantAdmin.CataloguePageTA.<init>(CataloguePageTA.java:26)
at com.ae.qa.pagesTenantAdmin.WorkflowListPageTA.<init>(WorkflowListPageTA.java:33)
at com.ae.qa.pagesTenantAdmin.RequestsPageTA.<init>(RequestsPageTA.java:26)
at com.ae.qa.pagesTenantAdmin.CataloguePageTA.<init>(CataloguePageTA.java:26)
at com.ae.qa.pagesTenantAdmin.WorkflowListPageTA.<init>(WorkflowListPageTA.java:33)
at com.ae.qa.pagesTenantAdmin.RequestsPageTA.<init>(RequestsPageTA.java:26)
at com.ae.qa.pagesTenantAdmin.CataloguePageTA.<init>(CataloguePageTA.java:26)
at com.ae.qa.pagesTenantAdmin.WorkflowListPageTA.<init>(WorkflowListPageTA.java:33)
at com.ae.qa.pagesTenantAdmin.RequestsPageTA.<init>(RequestsPageTA.java:26)
at com.ae.qa.pagesTenantAdmin.CataloguePageTA.<init>(CataloguePageTA.java:26)
at com.ae.qa.pagesTenantAdmin.WorkflowListPageTA.<init>(WorkflowListPageTA.java:33)
at com.ae.qa.pagesTenantAdmin.RequestsPageTA.<init>(RequestsPageTA.java:26)
at com.ae.qa.pagesTenantAdmin.CataloguePageTA.<init>(CataloguePageTA.java:26)
at com.ae.qa.pagesTenantAdmin.WorkflowListPageTA.<init>(WorkflowListPageTA.java:33)
at com.ae.qa.pagesTenantAdmin.RequestsPageTA.<init>(RequestsPageTA.java:26)
at com.ae.qa.pagesTenantAdmin.CataloguePageTA.<init>(CataloguePageTA.java:26)
at com.ae.qa.pagesTenantAdmin.WorkflowListPageTA.<init>(WorkflowListPageTA.java:33)
at com.ae.qa.pagesTenantAdmin.RequestsPageTA.<init>(RequestsPageTA.java:26)
at com.ae.qa.pagesTenantAdmin.CataloguePageTA.<init>(CataloguePageTA.java:26)
at com.ae.qa.pagesTenantAdmin.WorkflowListPageTA.<init>(WorkflowListPageTA.java:33)
at com.ae.qa.pagesTenantAdmin.RequestsPageTA.<init>(RequestsPageTA.java:26)
at com.ae.qa.pagesTenantAdmin.CataloguePageTA.<init>(CataloguePageTA.java:26)
at com.ae.qa.pagesTenantAdmin.WorkflowListPageTA.<init>(WorkflowListPageTA.java:33)
at com.ae.qa.pagesTenantAdmin.RequestsPageTA.<init>(RequestsPageTA.java:26)
at com.ae.qa.pagesTenantAdmin.CataloguePageTA.<init>(CataloguePageTA.java:26)
at com.ae.qa.pagesTenantAdmin.WorkflowListPageTA.<init>(WorkflowListPageTA.java:33)
at com.ae.qa.pagesTenantAdmin.RequestsPageTA.<init>(RequestsPageTA.java:26)
at com.ae.qa.pagesTenantAdmin.CataloguePageTA.<init>(CataloguePageTA.java:26)
at com.ae.qa.pagesTenantAdmin.WorkflowListPageTA.<init>(WorkflowListPageTA.java:33)
at com.ae.qa.pagesTenantAdmin.RequestsPageTA.<init>(RequestsPageTA.java:26)
at com.ae.qa.pagesTenantAdmin.CataloguePageTA.<init>(CataloguePageTA.java:26)
at com.ae.qa.pagesTenantAdmin.WorkflowListPageTA.<init>(WorkflowListPageTA.java:33)
at com.ae.qa.pagesTenantAdmin.RequestsPageTA.<init>(RequestsPageTA.java:26)
at com.ae.qa.pagesTenantAdmin.CataloguePageTA.<init>(CataloguePageTA.java:26)
at com.ae.qa.pagesTenantAdmin.WorkflowListPageTA.<init>(WorkflowListPageTA.java:33)
at com.ae.qa.pagesTenantAdmin.RequestsPageTA.<init>(RequestsPageTA.java:26)
at com.ae.qa.pagesTenantAdmin.CataloguePageTA.<init>(CataloguePageTA.java:26)
at com.ae.qa.pagesTenantAdmin.WorkflowListPageTA.<init>(WorkflowListPageTA.java:33)
at com.ae.qa.pagesTenantAdmin.RequestsPageTA.<init>(RequestsPageTA.java:26)
at com.ae.qa.pagesTenantAdmin.CataloguePageTA.<init>(CataloguePageTA.java:26)
at com.ae.qa.pagesTenantAdmin.WorkflowListPageTA.<init>(WorkflowListPageTA.java:33)
at com.ae.qa.pagesTenantAdmin.RequestsPageTA.<init>(RequestsPageTA.java:26)
at com.ae.qa.pagesTenantAdmin.CataloguePageTA.<init>(CataloguePageTA.java:26)
at com.ae.qa.pagesTenantAdmin.WorkflowListPageTA.<init>(WorkflowListPageTA.java:33)
at com.ae.qa.pagesTenantAdmin.RequestsPageTA.<init>(RequestsPageTA.java:26)
at com.ae.qa.pagesTenantAdmin.CataloguePageTA.<init>(CataloguePageTA.java:26)
at com.ae.qa.pagesTenantAdmin.WorkflowListPageTA.<init>(WorkflowListPageTA.java:33)
at com.ae.qa.pagesTenantAdmin.RequestsPageTA.<init>(RequestsPageTA.java:26)
at com.ae.qa.pagesTenantAdmin.CataloguePageTA.<init>(CataloguePageTA.java:26)
at com.ae.qa.pagesTenantAdmin.WorkflowListPageTA.<init>(WorkflowListPageTA.java:33)
at com.ae.qa.pagesTenantAdmin.RequestsPageTA.<init>(RequestsPageTA.java:26)
at com.ae.qa.pagesTenantAdmin.CataloguePageTA.<init>(CataloguePageTA.java:26)
at com.ae.qa.pagesTenantAdmin.WorkflowListPageTA.<init>(WorkflowListPageTA.java:33)
at com.ae.qa.pagesTenantAdmin.RequestsPageTA.<init>(RequestsPageTA.java:26)
at com.ae.qa.pagesTenantAdmin.CataloguePageTA.<init>(CataloguePageTA.java:26)
at com.ae.qa.pagesTenantAdmin.WorkflowListPageTA.<init>(WorkflowListPageTA.java:33)
at com.ae.qa.pagesTenantAdmin.RequestsPageTA.<init>(RequestsPageTA.java:26)
at com.ae.qa.pagesTenantAdmin.CataloguePageTA.<init>(CataloguePageTA.java:26)
at com.ae.qa.pagesTenantAdmin.WorkflowListPageTA.<init>(WorkflowListPageTA.java:33)
at com.ae.qa.pagesTenantAdmin.RequestsPageTA.<init>(RequestsPageTA.java:26)
at com.ae.qa.pagesTenantAdmin.CataloguePageTA.<init>(CataloguePageTA.java:26)
at com.ae.qa.pagesTenantAdmin.WorkflowListPageTA.<init>(WorkflowListPageTA.java:33)
at com.ae.qa.pagesTenantAdmin.RequestsPageTA.<init>(RequestsPageTA.java:26)
at com.ae.qa.pagesTenantAdmin.CataloguePageTA.<init>(CataloguePageTA.java:26)
at com.ae.qa.pagesTenantAdmin.WorkflowListPageTA.<init>(WorkflowListPageTA.java:33)
at com.ae.qa.pagesTenantAdmin.RequestsPageTA.<init>(RequestsPageTA.java:26)
at com.ae.qa.pagesTenantAdmin.CataloguePageTA.<init>(CataloguePageTA.java:26)
at com.ae.qa.pagesTenantAdmin.WorkflowListPageTA.<init>(WorkflowListPageTA.java:33)
at com.ae.qa.pagesTenantAdmin.RequestsPageTA.<init>(RequestsPageTA.java:26)
at com.ae.qa.pagesTenantAdmin.CataloguePageTA.<init>(CataloguePageTA.java:26)
at com.ae.qa.pagesTenantAdmin.WorkflowListPageTA.<init>(WorkflowListPageTA.java:33)
at com.ae.qa.pagesTenantAdmin.RequestsPageTA.<init>(RequestsPageTA.java:26)
at com.ae.qa.pagesTenantAdmin.CataloguePageTA.<init>(CataloguePageTA.java:26)
at com.ae.qa.pagesTenantAdmin.WorkflowListPageTA.<init>(WorkflowListPageTA.java:33)
at com.ae.qa.pagesTenantAdmin.RequestsPageTA.<init>(RequestsPageTA.java:26)
at com.ae.qa.pagesTenantAdmin.CataloguePageTA.<init>(CataloguePageTA.java:26)
at com.ae.qa.pagesTenantAdmin.WorkflowListPageTA.<init>(WorkflowListPageTA.java:33)
at com.ae.qa.pagesTenantAdmin.RequestsPageTA.<init>(RequestsPageTA.java:26)
at com.ae.qa.pagesTenantAdmin.CataloguePageTA.<init>(CataloguePageTA.java:26)
at com.ae.qa.pagesTenantAdmin.WorkflowListPageTA.<init>(WorkflowListPageTA.java:33)
at com.ae.qa.pagesTenantAdmin.RequestsPageTA.<init>(RequestsPageTA.java:26)
at com.ae.qa.pagesTenantAdmin.CataloguePageTA.<init>(CataloguePageTA.java:26)
at com.ae.qa.pagesTenantAdmin.WorkflowListPageTA.<init>(WorkflowListPageTA.java:33)
at com.ae.qa.pagesTenantAdmin.RequestsPageTA.<init>(RequestsPageTA.java:26)
at com.ae.qa.pagesTenantAdmin.CataloguePageTA.<init>(CataloguePageTA.java:26)
at com.ae.qa.pagesTenantAdmin.WorkflowListPageTA.<init>(WorkflowListPageTA.java:33)
at com.ae.qa.pagesTenantAdmin.RequestsPageTA.<init>(RequestsPageTA.java:26)
at com.ae.qa.pagesTenantAdmin.CataloguePageTA.<init>(CataloguePageTA.java:26)
at com.ae.qa.pagesTenantAdmin.WorkflowListPageTA.<init>(WorkflowListPageTA.java:33)
at com.ae.qa.pagesTenantAdmin.RequestsPageTA.<init>(RequestsPageTA.java:26)
at com.ae.qa.pagesTenantAdmin.CataloguePageTA.<init>(CataloguePageTA.java:26)
at com.ae.qa.pagesTenantAdmin.WorkflowListPageTA.<init>(WorkflowListPageTA.java:33)
at com.ae.qa.pagesTenantAdmin.RequestsPageTA.<init>(RequestsPageTA.java:26)
at com.ae.qa.pagesTenantAdmin.CataloguePageTA.<init>(CataloguePageTA.java:26)
at com.ae.qa.pagesTenantAdmin.WorkflowListPageTA.<init>(WorkflowListPageTA.java:33)
at com.ae.qa.pagesTenantAdmin.RequestsPageTA.<init>(RequestsPageTA.java:26)
at com.ae.qa.pagesTenantAdmin.CataloguePageTA.<init>(CataloguePageTA.java:26)
at com.ae.qa.pagesTenantAdmin.WorkflowListPageTA.<init>(WorkflowListPageTA.java:33)
at com.ae.qa.pagesTenantAdmin.RequestsPageTA.<init>(RequestsPageTA.java:26)
at com.ae.qa.pagesTenantAdmin.CataloguePageTA.<init>(CataloguePageTA.java:26)
at com.ae.qa.pagesTenantAdmin.WorkflowListPageTA.<init>(WorkflowListPageTA.java:33)
at com.ae.qa.pagesTenantAdmin.RequestsPageTA.<init>(RequestsPageTA.java:26)
at com.ae.qa.pagesTenantAdmin.CataloguePageTA.<init>(CataloguePageTA.java:26)
at com.ae.qa.pagesTenantAdmin.WorkflowListPageTA.<init>(WorkflowListPageTA.java:33)
at com.ae.qa.pagesTenantAdmin.RequestsPageTA.<init>(RequestsPageTA.java:26)
at com.ae.qa.pagesTenantAdmin.CataloguePageTA.<init>(CataloguePageTA.java:26)
at com.ae.qa.pagesTenantAdmin.WorkflowListPageTA.<init>(WorkflowListPageTA.java:33)
at com.ae.qa.pagesTenantAdmin.RequestsPageTA.<init>(RequestsPageTA.java:26)
at com.ae.qa.pagesTenantAdmin.CataloguePageTA.<init>(CataloguePageTA.java:26)
at com.ae.qa.pagesTenantAdmin.WorkflowListPageTA.<init>(WorkflowListPageTA.java:33)
at com.ae.qa.pagesTenantAdmin.RequestsPageTA.<init>(RequestsPageTA.java:26)
at com.ae.qa.pagesTenantAdmin.CataloguePageTA.<init>(CataloguePageTA.java:26)
at com.ae.qa.pagesTenantAdmin.WorkflowListPageTA.<init>(WorkflowListPageTA.java:33)
at com.ae.qa.pagesTenantAdmin.RequestsPageTA.<init>(RequestsPageTA.java:26)
at com.ae.qa.pagesTenantAdmin.CataloguePageTA.<init>(CataloguePageTA.java:26)
at com.ae.qa.pagesTenantAdmin.WorkflowListPageTA.<init>(WorkflowListPageTA.java:33)
at com.ae.qa.pagesTenantAdmin.RequestsPageTA.<init>(RequestsPageTA.java:26)
at com.ae.qa.pagesTenantAdmin.CataloguePageTA.<init>(CataloguePageTA.java:26)
at com.ae.qa.pagesTenantAdmin.WorkflowListPageTA.<init>(WorkflowListPageTA.java:33)
at com.ae.qa.pagesTenantAdmin.RequestsPageTA.<init>(RequestsPageTA.java:26)
at com.ae.qa.pagesTenantAdmin.CataloguePageTA.<init>(CataloguePageTA.java:26)
at com.ae.qa.pagesTenantAdmin.WorkflowListPageTA.<init>(WorkflowListPageTA.java:33)
at com.ae.qa.pagesTenantAdmin.RequestsPageTA.<init>(RequestsPageTA.java:26)
at com.ae.qa.pagesTenantAdmin.CataloguePageTA.<init>(CataloguePageTA.java:26)
at com.ae.qa.pagesTenantAdmin.WorkflowListPageTA.<init>(WorkflowListPageTA.java:33)
at com.ae.qa.pagesTenantAdmin.RequestsPageTA.<init>(RequestsPageTA.java:26)
at com.ae.qa.pagesTenantAdmin.CataloguePageTA.<init>(CataloguePageTA.java:26)
at com.ae.qa.pagesTenantAdmin.WorkflowListPageTA.<init>(WorkflowListPageTA.java:33)
at com.ae.qa.pagesTenantAdmin.RequestsPageTA.<init>(RequestsPageTA.java:26)
at com.ae.qa.pagesTenantAdmin.CataloguePageTA.<init>(CataloguePageTA.java:26)
at com.ae.qa.pagesTenantAdmin.WorkflowListPageTA.<init>(WorkflowListPageTA.java:33)
at com.ae.qa.pagesTenantAdmin.RequestsPageTA.<init>(RequestsPageTA.java:26)
at com.ae.qa.pagesTenantAdmin.CataloguePageTA.<init>(CataloguePageTA.java:26)
at com.ae.qa.pagesTenantAdmin.WorkflowListPageTA.<init>(WorkflowListPageTA.java:33)
at com.ae.qa.pagesTenantAdmin.RequestsPageTA.<init>(RequestsPageTA.java:26)
at com.ae.qa.pagesTenantAdmin.CataloguePageTA.<init>(CataloguePageTA.java:26)
at com.ae.qa.pagesTenantAdmin.WorkflowListPageTA.<init>(WorkflowListPageTA.java:33)
at com.ae.qa.pagesTenantAdmin.RequestsPageTA.<init>(RequestsPageTA.java:26)
at com.ae.qa.pagesTenantAdmin.CataloguePageTA.<init>(CataloguePageTA.java:26)
at com.ae.qa.pagesTenantAdmin.WorkflowListPageTA.<init>(WorkflowListPageTA.java:33)
at com.ae.qa.pagesTenantAdmin.RequestsPageTA.<init>(RequestsPageTA.java:26)
at com.ae.qa.pagesTenantAdmin.CataloguePageTA.<init>(CataloguePageTA.java:26)
at com.ae.qa.pagesTenantAdmin.WorkflowListPageTA.<init>(WorkflowListPageTA.java:33)
at com.ae.qa.pagesTenantAdmin.RequestsPageTA.<init>(RequestsPageTA.java:26)
at com.ae.qa.pagesTenantAdmin.CataloguePageTA.<init>(CataloguePageTA.java:26)
at com.ae.qa.pagesTenantAdmin.WorkflowListPageTA.<init>(WorkflowListPageTA.java:33)
at com.ae.qa.pagesTenantAdmin.RequestsPageTA.<init>(RequestsPageTA.java:26)
at com.ae.qa.pagesTenantAdmin.CataloguePageTA.<init>(CataloguePageTA.java:26)
at com.ae.qa.pagesTenantAdmin.WorkflowListPageTA.<init>(WorkflowListPageTA.java:33)
at com.ae.qa.pagesTenantAdmin.RequestsPageTA.<init>(RequestsPageTA.java:26)
at com.ae.qa.pagesTenantAdmin.CataloguePageTA.<init>(CataloguePageTA.java:26)
at com.ae.qa.pagesTenantAdmin.WorkflowListPageTA.<init>(WorkflowListPageTA.java:33)
at com.ae.qa.pagesTenantAdmin.RequestsPageTA.<init>(RequestsPageTA.java:26)
at com.ae.qa.pagesTenantAdmin.CataloguePageTA.<init>(CataloguePageTA.java:26)
at com.ae.qa.pagesTenantAdmin.WorkflowListPageTA.<init>(WorkflowListPageTA.java:33)
at com.ae.qa.pagesTenantAdmin.RequestsPageTA.<init>(RequestsPageTA.java:26)
at com.ae.qa.pagesTenantAdmin.CataloguePageTA.<init>(CataloguePageTA.java:26)
at com.ae.qa.pagesTenantAdmin.WorkflowListPageTA.<init>(WorkflowListPageTA.java:33)
at com.ae.qa.pagesTenantAdmin.RequestsPageTA.<init>(RequestsPageTA.java:26)
at com.ae.qa.pagesTenantAdmin.CataloguePageTA.<init>(CataloguePageTA.java:26)
at com.ae.qa.pagesTenantAdmin.WorkflowListPageTA.<init>(WorkflowListPageTA.java:33)
at com.ae.qa.pagesTenantAdmin.RequestsPageTA.<init>(RequestsPageTA.java:26)
at com.ae.qa.pagesTenantAdmin.CataloguePageTA.<init>(CataloguePageTA.java:26)
at com.ae.qa.pagesTenantAdmin.WorkflowListPageTA.<init>(WorkflowListPageTA.java:33)
at com.ae.qa.pagesTenantAdmin.RequestsPageTA.<init>(RequestsPageTA.java:26)
at com.ae.qa.pagesTenantAdmin.CataloguePageTA.<init>(CataloguePageTA.java:26)
at com.ae.qa.pagesTenantAdmin.WorkflowListPageTA.<init>(WorkflowListPageTA.java:33)
at com.ae.qa.pagesTenantAdmin.RequestsPageTA.<init>(RequestsPageTA.java:26)
at com.ae.qa.pagesTenantAdmin.CataloguePageTA.<init>(CataloguePageTA.java:26)
at com.ae.qa.pagesTenantAdmin.WorkflowListPageTA.<init>(WorkflowListPageTA.java:33)
at com.ae.qa.pagesTenantAdmin.RequestsPageTA.<init>(RequestsPageTA.java:26)
at com.ae.qa.pagesTenantAdmin.CataloguePageTA.<init>(CataloguePageTA.java:26)
at com.ae.qa.pagesTenantAdmin.WorkflowListPageTA.<init>(WorkflowListPageTA.java:33)
at com.ae.qa.pagesTenantAdmin.RequestsPageTA.<init>(RequestsPageTA.java:26)
at com.ae.qa.pagesTenantAdmin.CataloguePageTA.<init>(CataloguePageTA.java:26)
at com.ae.qa.pagesTenantAdmin.WorkflowListPageTA.<init>(WorkflowListPageTA.java:33)
at com.ae.qa.pagesTenantAdmin.RequestsPageTA.<init>(RequestsPageTA.java:26)
at com.ae.qa.pagesTenantAdmin.CataloguePageTA.<init>(CataloguePageTA.java:26)
at com.ae.qa.pagesTenantAdmin.WorkflowListPageTA.<init>(WorkflowListPageTA.java:33)
at com.ae.qa.pagesTenantAdmin.RequestsPageTA.<init>(RequestsPageTA.java:26)
at com.ae.qa.pagesTenantAdmin.CataloguePageTA.<init>(CataloguePageTA.java:26)
at com.ae.qa.pagesTenantAdmin.WorkflowListPageTA.<init>(WorkflowListPageTA.java:33)
at com.ae.qa.pagesTenantAdmin.RequestsPageTA.<init>(RequestsPageTA.java:26)
at com.ae.qa.pagesTenantAdmin.CataloguePageTA.<init>(CataloguePageTA.java:26)
at com.ae.qa.pagesTenantAdmin.WorkflowListPageTA.<init>(WorkflowListPageTA.java:33)
at com.ae.qa.pagesTenantAdmin.RequestsPageTA.<init>(RequestsPageTA.java:26)
at com.ae.qa.pagesTenantAdmin.CataloguePageTA.<init>(CataloguePageTA.java:26)
at com.ae.qa.pagesTenantAdmin.WorkflowListPageTA.<init>(WorkflowListPageTA.java:33)
at com.ae.qa.pagesTenantAdmin.RequestsPageTA.<init>(RequestsPageTA.java:26)
at com.ae.qa.pagesTenantAdmin.CataloguePageTA.<init>(CataloguePageTA.java:26)
at com.ae.qa.pagesTenantAdmin.WorkflowListPageTA.<init>(WorkflowListPageTA.java:33)
at com.ae.qa.pagesTenantAdmin.RequestsPageTA.<init>(RequestsPageTA.java:26)
at com.ae.qa.pagesTenantAdmin.CataloguePageTA.<init>(CataloguePageTA.java:26)
at com.ae.qa.pagesTenantAdmin.WorkflowListPageTA.<init>(WorkflowListPageTA.java:33)
at com.ae.qa.pagesTenantAdmin.RequestsPageTA.<init>(RequestsPageTA.java:26)
at com.ae.qa.pagesTenantAdmin.CataloguePageTA.<init>(CataloguePageTA.java:26)
at com.ae.qa.pagesTenantAdmin.WorkflowListPageTA.<init>(WorkflowListPageTA.java:33)
at com.ae.qa.pagesTenantAdmin.RequestsPageTA.<init>(RequestsPageTA.java:26)
at com.ae.qa.pagesTenantAdmin.CataloguePageTA.<init>(CataloguePageTA.java:26)
at com.ae.qa.pagesTenantAdmin.WorkflowListPageTA.<init>(WorkflowListPageTA.java:33)
at com.ae.qa.pagesTenantAdmin.RequestsPageTA.<init>(RequestsPageTA.java:26)
at com.ae.qa.pagesTenantAdmin.CataloguePageTA.<init>(CataloguePageTA.java:26)
at com.ae.qa.pagesTenantAdmin.WorkflowListPageTA.<init>(WorkflowListPageTA.java:33)
at com.ae.qa.pagesTenantAdmin.RequestsPageTA.<init>(RequestsPageTA.java:26)
at com.ae.qa.pagesTenantAdmin.CataloguePageTA.<init>(CataloguePageTA.java:26)
at com.ae.qa.pagesTenantAdmin.WorkflowListPageTA.<init>(WorkflowListPageTA.java:33)
at com.ae.qa.pagesTenantAdmin.RequestsPageTA.<init>(RequestsPageTA.java:26)
at com.ae.qa.pagesTenantAdmin.CataloguePageTA.<init>(CataloguePageTA.java:26)
at com.ae.qa.pagesTenantAdmin.WorkflowListPageTA.<init>(WorkflowListPageTA.java:33)
at com.ae.qa.pagesTenantAdmin.RequestsPageTA.<init>(RequestsPageTA.java:26)
at com.ae.qa.pagesTenantAdmin.CataloguePageTA.<init>(CataloguePageTA.java:26)
at com.ae.qa.pagesTenantAdmin.WorkflowListPageTA.<init>(WorkflowListPageTA.java:33)
at com.ae.qa.pagesTenantAdmin.RequestsPageTA.<init>(RequestsPageTA.java:26)
at com.ae.qa.pagesTenantAdmin.CataloguePageTA.<init>(CataloguePageTA.java:26)
at com.ae.qa.pagesTenantAdmin.WorkflowListPageTA.<init>(WorkflowListPageTA.java:33)
at com.ae.qa.pagesTenantAdmin.RequestsPageTA.<init>(RequestsPageTA.java:26)
at com.ae.qa.pagesTenantAdmin.CataloguePageTA.<init>(CataloguePageTA.java:26)
at com.ae.qa.pagesTenantAdmin.WorkflowListPageTA.<init>(WorkflowListPageTA.java:33)
at com.ae.qa.pagesTenantAdmin.RequestsPageTA.<init>(RequestsPageTA.java:26)
at com.ae.qa.pagesTenantAdmin.CataloguePageTA.<init>(CataloguePageTA.java:26)
at com.ae.qa.pagesTenantAdmin.WorkflowListPageTA.<init>(WorkflowListPageTA.java:33)
at com.ae.qa.pagesTenantAdmin.RequestsPageTA.<init>(RequestsPageTA.java:26)
at com.ae.qa.pagesTenantAdmin.CataloguePageTA.<init>(CataloguePageTA.java:26)
at com.ae.qa.pagesTenantAdmin.WorkflowListPageTA.<init>(WorkflowListPageTA.java:33)
at com.ae.qa.pagesTenantAdmin.RequestsPageTA.<init>(RequestsPageTA.java:26)
at com.ae.qa.pagesTenantAdmin.CataloguePageTA.<init>(CataloguePageTA.java:26)
at com.ae.qa.pagesTenantAdmin.WorkflowListPageTA.<init>(WorkflowListPageTA.java:33)
at com.ae.qa.pagesTenantAdmin.RequestsPageTA.<init>(RequestsPageTA.java:26)
at com.ae.qa.pagesTenantAdmin.CataloguePageTA.<init>(CataloguePageTA.java:26)
at com.ae.qa.pagesTenantAdmin.WorkflowListPageTA.<init>(WorkflowListPageTA.java:33)
at com.ae.qa.pagesTenantAdmin.RequestsPageTA.<init>(RequestsPageTA.java:26)
at com.ae.qa.pagesTenantAdmin.CataloguePageTA.<init>(CataloguePageTA.java:26)
at com.ae.qa.pagesTenantAdmin.WorkflowListPageTA.<init>(WorkflowListPageTA.java:33)
at com.ae.qa.pagesTenantAdmin.RequestsPageTA.<init>(RequestsPageTA.java:26)
at com.ae.qa.pagesTenantAdmin.CataloguePageTA.<init>(CataloguePageTA.java:26)
at com.ae.qa.pagesTenantAdmin.WorkflowListPageTA.<init>(WorkflowListPageTA.java:33)
at com.ae.qa.pagesTenantAdmin.RequestsPageTA.<init>(RequestsPageTA.java:26)
at com.ae.qa.pagesTenantAdmin.CataloguePageTA.<init>(CataloguePageTA.java:26)
at com.ae.qa.pagesTenantAdmin.WorkflowListPageTA.<init>(WorkflowListPageTA.java:33)
at com.ae.qa.pagesTenantAdmin.RequestsPageTA.<init>(RequestsPageTA.java:26)
at com.ae.qa.pagesTenantAdmin.CataloguePageTA.<init>(CataloguePageTA.java:26)
at com.ae.qa.pagesTenantAdmin.WorkflowListPageTA.<init>(WorkflowListPageTA.java:33)
at com.ae.qa.pagesTenantAdmin.RequestsPageTA.<init>(RequestsPageTA.java:26)
at com.ae.qa.pagesTenantAdmin.CataloguePageTA.<init>(CataloguePageTA.java:26)
at com.ae.qa.pagesTenantAdmin.WorkflowListPageTA.<init>(WorkflowListPageTA.java:33)
at com.ae.qa.pagesTenantAdmin.RequestsPageTA.<init>(RequestsPageTA.java:26)
at com.ae.qa.pagesTenantAdmin.CataloguePageTA.<init>(CataloguePageTA.java:26)
at com.ae.qa.pagesTenantAdmin.WorkflowListPageTA.<init>(WorkflowListPageTA.java:33)
at com.ae.qa.pagesTenantAdmin.RequestsPageTA.<init>(RequestsPageTA.java:26)
at com.ae.qa.pagesTenantAdmin.CataloguePageTA.<init>(CataloguePageTA.java:26)
at com.ae.qa.pagesTenantAdmin.WorkflowListPageTA.<init>(WorkflowListPageTA.java:33)
at com.ae.qa.pagesTenantAdmin.RequestsPageTA.<init>(RequestsPageTA.java:26)
at com.ae.qa.pagesTenantAdmin.CataloguePageTA.<init>(CataloguePageTA.java:26)
at com.ae.qa.pagesTenantAdmin.WorkflowListPageTA.<init>(WorkflowListPageTA.java:33)
at com.ae.qa.pagesTenantAdmin.RequestsPageTA.<init>(RequestsPageTA.java:26)
at com.ae.qa.pagesTenantAdmin.CataloguePageTA.<init>(CataloguePageTA.java:26)
at com.ae.qa.pagesTenantAdmin.WorkflowListPageTA.<init>(WorkflowListPageTA.java:33)
at com.ae.qa.pagesTenantAdmin.RequestsPageTA.<init>(RequestsPageTA.java:26)
at com.ae.qa.pagesTenantAdmin.CataloguePageTA.<init>(CataloguePageTA.java:26)
at com.ae.qa.pagesTenantAdmin.WorkflowListPageTA.<init>(WorkflowListPageTA.java:33)
at com.ae.qa.pagesTenantAdmin.RequestsPageTA.<init>(RequestsPageTA.java:26)
at com.ae.qa.pagesTenantAdmin.CataloguePageTA.<init>(CataloguePageTA.java:26)
at com.ae.qa.pagesTenantAdmin.WorkflowListPageTA.<init>(WorkflowListPageTA.java:33)
at com.ae.qa.pagesTenantAdmin.RequestsPageTA.<init>(RequestsPageTA.java:26)
at com.ae.qa.pagesTenantAdmin.CataloguePageTA.<init>(CataloguePageTA.java:26)
at com.ae.qa.pagesTenantAdmin.WorkflowListPageTA.<init>(WorkflowListPageTA.java:33)
at com.ae.qa.pagesTenantAdmin.RequestsPageTA.<init>(RequestsPageTA.java:26)
at com.ae.qa.pagesTenantAdmin.CataloguePageTA.<init>(CataloguePageTA.java:26)
at com.ae.qa.pagesTenantAdmin.WorkflowListPageTA.<init>(WorkflowListPageTA.java:33)
at com.ae.qa.pagesTenantAdmin.RequestsPageTA.<init>(RequestsPageTA.java:26)
at com.ae.qa.pagesTenantAdmin.CataloguePageTA.<init>(CataloguePageTA.java:26)
at com.ae.qa.pagesTenantAdmin.WorkflowListPageTA.<init>(WorkflowListPageTA.java:33)
at com.ae.qa.pagesTenantAdmin.RequestsPageTA.<init>(RequestsPageTA.java:26)
at com.ae.qa.pagesTenantAdmin.CataloguePageTA.<init>(CataloguePageTA.java:26)
at com.ae.qa.pagesTenantAdmin.WorkflowListPageTA.<init>(WorkflowListPageTA.java:33)
at com.ae.qa.pagesTenantAdmin.RequestsPageTA.<init>(RequestsPageTA.java:26)
at com.ae.qa.pagesTenantAdmin.CataloguePageTA.<init>(CataloguePageTA.java:26)
at com.ae.qa.pagesTenantAdmin.WorkflowListPageTA.<init>(WorkflowListPageTA.java:33)
at com.ae.qa.pagesTenantAdmin.RequestsPageTA.<init>(RequestsPageTA.java:26)
at com.ae.qa.pagesTenantAdmin.CataloguePageTA.<init>(CataloguePageTA.java:26)
at com.ae.qa.pagesTenantAdmin.WorkflowListPageTA.<init>(WorkflowListPageTA.java:33)
at com.ae.qa.pagesTenantAdmin.RequestsPageTA.<init>(RequestsPageTA.java:26)
at com.ae.qa.pagesTenantAdmin.CataloguePageTA.<init>(CataloguePageTA.java:26)
at com.ae.qa.pagesTenantAdmin.WorkflowListPageTA.<init>(WorkflowListPageTA.java:33)
at com.ae.qa.pagesTenantAdmin.RequestsPageTA.<init>(RequestsPageTA.java:26)
at com.ae.qa.pagesTenantAdmin.CataloguePageTA.<init>(CataloguePageTA.java:26)
at com.ae.qa.pagesTenantAdmin.WorkflowListPageTA.<init>(WorkflowListPageTA.java:33)
at com.ae.qa.pagesTenantAdmin.RequestsPageTA.<init>(RequestsPageTA.java:26)
at com.ae.qa.pagesTenantAdmin.CataloguePageTA.<init>(CataloguePageTA.java:26)
at com.ae.qa.pagesTenantAdmin.WorkflowListPageTA.<init>(WorkflowListPageTA.java:33)
at com.ae.qa.pagesTenantAdmin.RequestsPageTA.<init>(RequestsPageTA.java:26)
at com.ae.qa.pagesTenantAdmin.CataloguePageTA.<init>(CataloguePageTA.java:26)
at com.ae.qa.pagesTenantAdmin.WorkflowListPageTA.<init>(WorkflowListPageTA.java:33)
at com.ae.qa.pagesTenantAdmin.RequestsPageTA.<init>(RequestsPageTA.java:26)
at com.ae.qa.pagesTenantAdmin.CataloguePageTA.<init>(CataloguePageTA.java:26)
at com.ae.qa.pagesTenantAdmin.WorkflowListPageTA.<init>(WorkflowListPageTA.java:33)
at com.ae.qa.pagesTenantAdmin.RequestsPageTA.<init>(RequestsPageTA.java:26)
at com.ae.qa.pagesTenantAdmin.CataloguePageTA.<init>(CataloguePageTA.java:26)
at com.ae.qa.pagesTenantAdmin.WorkflowListPageTA.<init>(WorkflowListPageTA.java:33)
at com.ae.qa.pagesTenantAdmin.RequestsPageTA.<init>(RequestsPageTA.java:26)
at com.ae.qa.pagesTenantAdmin.CataloguePageTA.<init>(CataloguePageTA.java:26)
at com.ae.qa.pagesTenantAdmin.WorkflowListPageTA.<init>(WorkflowListPageTA.java:33)
at com.ae.qa.pagesTenantAdmin.RequestsPageTA.<init>(RequestsPageTA.java:26)
at com.ae.qa.pagesTenantAdmin.CataloguePageTA.<init>(CataloguePageTA.java:26)
at com.ae.qa.pagesTenantAdmin.WorkflowListPageTA.<init>(WorkflowListPageTA.java:33)
at com.ae.qa.pagesTenantAdmin.RequestsPageTA.<init>(RequestsPageTA.java:26)
at com.ae.qa.pagesTenantAdmin.CataloguePageTA.<init>(CataloguePageTA.java:26)
at com.ae.qa.pagesTenantAdmin.WorkflowListPageTA.<init>(WorkflowListPageTA.java:33)
at com.ae.qa.pagesTenantAdmin.RequestsPageTA.<init>(RequestsPageTA.java:26)
at com.ae.qa.pagesTenantAdmin.CataloguePageTA.<init>(CataloguePageTA.java:26)
at com.ae.qa.pagesTenantAdmin.WorkflowListPageTA.<init>(WorkflowListPageTA.java:33)
at com.ae.qa.pagesTenantAdmin.RequestsPageTA.<init>(RequestsPageTA.java:26)
at com.ae.qa.pagesTenantAdmin.CataloguePageTA.<init>(CataloguePageTA.java:26)
at com.ae.qa.pagesTenantAdmin.WorkflowListPageTA.<init>(WorkflowListPageTA.java:33)
at com.ae.qa.pagesTenantAdmin.RequestsPageTA.<init>(RequestsPageTA.java:26)
at com.ae.qa.pagesTenantAdmin.CataloguePageTA.<init>(CataloguePageTA.java:26)
at com.ae.qa.pagesTenantAdmin.WorkflowListPageTA.<init>(WorkflowListPageTA.java:33)
at com.ae.qa.pagesTenantAdmin.RequestsPageTA.<init>(RequestsPageTA.java:26)
at com.ae.qa.pagesTenantAdmin.CataloguePageTA.<init>(CataloguePageTA.java:26)
at com.ae.qa.pagesTenantAdmin.WorkflowListPageTA.<init>(WorkflowListPageTA.java:33)
at com.ae.qa.pagesTenantAdmin.RequestsPageTA.<init>(RequestsPageTA.java:26)
at com.ae.qa.pagesTenantAdmin.CataloguePageTA.<init>(CataloguePageTA.java:26)
at com.ae.qa.pagesTenantAdmin.WorkflowListPageTA.<init>(WorkflowListPageTA.java:33)
at com.ae.qa.pagesTenantAdmin.RequestsPageTA.<init>(RequestsPageTA.java:26)
at com.ae.qa.pagesTenantAdmin.CataloguePageTA.<init>(CataloguePageTA.java:26)
at com.ae.qa.pagesTenantAdmin.WorkflowListPageTA.<init>(WorkflowListPageTA.java:33)
at com.ae.qa.pagesTenantAdmin.RequestsPageTA.<init>(RequestsPageTA.java:26)
at com.ae.qa.pagesTenantAdmin.CataloguePageTA.<init>(CataloguePageTA.java:26)
at com.ae.qa.pagesTenantAdmin.WorkflowListPageTA.<init>(WorkflowListPageTA.java:33)
at com.ae.qa.pagesTenantAdmin.RequestsPageTA.<init>(RequestsPageTA.java:26)
at com.ae.qa.pagesTenantAdmin.CataloguePageTA.<init>(CataloguePageTA.java:26)
at com.ae.qa.pagesTenantAdmin.WorkflowListPageTA.<init>(WorkflowListPageTA.java:33)
at com.ae.qa.pagesTenantAdmin.RequestsPageTA.<init>(RequestsPageTA.java:26)
at com.ae.qa.pagesTenantAdmin.CataloguePageTA.<init>(CataloguePageTA.java:26)
at com.ae.qa.pagesTenantAdmin.WorkflowListPageTA.<init>(WorkflowListPageTA.java:33)
at com.ae.qa.pagesTenantAdmin.RequestsPageTA.<init>(RequestsPageTA.java:26)
at com.ae.qa.pagesTenantAdmin.CataloguePageTA.<init>(CataloguePageTA.java:26)
at com.ae.qa.pagesTenantAdmin.WorkflowListPageTA.<init>(WorkflowListPageTA.java:33)
at com.ae.qa.pagesTenantAdmin.RequestsPageTA.<init>(RequestsPageTA.java:26)
at com.ae.qa.pagesTenantAdmin.CataloguePageTA.<init>(CataloguePageTA.java:26)
at com.ae.qa.pagesTenantAdmin.WorkflowListPageTA.<init>(WorkflowListPageTA.java:33)
at com.ae.qa.pagesTenantAdmin.RequestsPageTA.<init>(RequestsPageTA.java:26)
at com.ae.qa.pagesTenantAdmin.CataloguePageTA.<init>(CataloguePageTA.java:26)
at com.ae.qa.pagesTenantAdmin.WorkflowListPageTA.<init>(WorkflowListPageTA.java:33)
at com.ae.qa.pagesTenantAdmin.RequestsPageTA.<init>(RequestsPageTA.java:26)
at com.ae.qa.pagesTenantAdmin.CataloguePageTA.<init>(CataloguePageTA.java:26)
at com.ae.qa.pagesTenantAdmin.WorkflowListPageTA.<init>(WorkflowListPageTA.java:33)
at com.ae.qa.pagesTenantAdmin.RequestsPageTA.<init>(RequestsPageTA.java:26)
at com.ae.qa.pagesTenantAdmin.CataloguePageTA.<init>(CataloguePageTA.java:26)
at com.ae.qa.pagesTenantAdmin.WorkflowListPageTA.<init>(WorkflowListPageTA.java:33)
at com.ae.qa.pagesTenantAdmin.RequestsPageTA.<init>(RequestsPageTA.java:26)
at com.ae.qa.pagesTenantAdmin.CataloguePageTA.<init>(CataloguePageTA.java:26)
at com.ae.qa.pagesTenantAdmin.WorkflowListPageTA.<init>(WorkflowListPageTA.java:33)
at com.ae.qa.pagesTenantAdmin.RequestsPageTA.<init>(RequestsPageTA.java:26)
at com.ae.qa.pagesTenantAdmin.CataloguePageTA.<init>(CataloguePageTA.java:26)
at com.ae.qa.pagesTenantAdmin.WorkflowListPageTA.<init>(WorkflowListPageTA.java:33)
at com.ae.qa.pagesTenantAdmin.RequestsPageTA.<init>(RequestsPageTA.java:26)
at com.ae.qa.pagesTenantAdmin.CataloguePageTA.<init>(CataloguePageTA.java:26)
at com.ae.qa.pagesTenantAdmin.WorkflowListPageTA.<init>(WorkflowListPageTA.java:33)
at com.ae.qa.pagesTenantAdmin.RequestsPageTA.<init>(RequestsPageTA.java:26)
at com.ae.qa.pagesTenantAdmin.CataloguePageTA.<init>(CataloguePageTA.java:26)
at com.ae.qa.pagesTenantAdmin.WorkflowListPageTA.<init>(WorkflowListPageTA.java:33)
at com.ae.qa.pagesTenantAdmin.RequestsPageTA.<init>(RequestsPageTA.java:26)
at com.ae.qa.pagesTenantAdmin.CataloguePageTA.<init>(CataloguePageTA.java:26)
at com.ae.qa.pagesTenantAdmin.WorkflowListPageTA.<init>(WorkflowListPageTA.java:33)
at com.ae.qa.pagesTenantAdmin.RequestsPageTA.<init>(RequestsPageTA.java:26)
at com.ae.qa.pagesTenantAdmin.CataloguePageTA.<init>(CataloguePageTA.java:26)
at com.ae.qa.pagesTenantAdmin.WorkflowListPageTA.<init>(WorkflowListPageTA.java:33)
at com.ae.qa.pagesTenantAdmin.RequestsPageTA.<init>(RequestsPageTA.java:26)
at com.ae.qa.pagesTenantAdmin.CataloguePageTA.<init>(CataloguePageTA.java:26)
at com.ae.qa.pagesTenantAdmin.WorkflowListPageTA.<init>(WorkflowListPageTA.java:33)
at com.ae.qa.pagesTenantAdmin.RequestsPageTA.<init>(RequestsPageTA.java:26)
at com.ae.qa.pagesTenantAdmin.CataloguePageTA.<init>(CataloguePageTA.java:26)
at com.ae.qa.pagesTenantAdmin.WorkflowListPageTA.<init>(WorkflowListPageTA.java:33)
at com.ae.qa.pagesTenantAdmin.RequestsPageTA.<init>(RequestsPageTA.java:26)
at com.ae.qa.pagesTenantAdmin.CataloguePageTA.<init>(CataloguePageTA.java:26)
at com.ae.qa.pagesTenantAdmin.WorkflowListPageTA.<init>(WorkflowListPageTA.java:33)
at com.ae.qa.pagesTenantAdmin.RequestsPageTA.<init>(RequestsPageTA.java:26)
at com.ae.qa.pagesTenantAdmin.CataloguePageTA.<init>(CataloguePageTA.java:26)
at com.ae.qa.pagesTenantAdmin.WorkflowListPageTA.<init>(WorkflowListPageTA.java:33)
at com.ae.qa.pagesTenantAdmin.RequestsPageTA.<init>(RequestsPageTA.java:26)
at com.ae.qa.pagesTenantAdmin.CataloguePageTA.<init>(CataloguePageTA.java:26)
at com.ae.qa.pagesTenantAdmin.WorkflowListPageTA.<init>(WorkflowListPageTA.java:33)
at com.ae.qa.pagesTenantAdmin.RequestsPageTA.<init>(RequestsPageTA.java:26)
at com.ae.qa.pagesTenantAdmin.CataloguePageTA.<init>(CataloguePageTA.java:26)
at com.ae.qa.pagesTenantAdmin.WorkflowListPageTA.<init>(WorkflowListPageTA.java:33)
at com.ae.qa.pagesTenantAdmin.RequestsPageTA.<init>(RequestsPageTA.java:26)
at com.ae.qa.pagesTenantAdmin.CataloguePageTA.<init>(CataloguePageTA.java:26)
at com.ae.qa.pagesTenantAdmin.WorkflowListPageTA.<init>(WorkflowListPageTA.java:33)
at com.ae.qa.pagesTenantAdmin.RequestsPageTA.<init>(RequestsPageTA.java:26)
at com.ae.qa.pagesTenantAdmin.CataloguePageTA.<init>(CataloguePageTA.java:26)
at com.ae.qa.pagesTenantAdmin.WorkflowListPageTA.<init>(WorkflowListPageTA.java:33)
at com.ae.qa.pagesTenantAdmin.RequestsPageTA.<init>(RequestsPageTA.java:26)
at com.ae.qa.pagesTenantAdmin.CataloguePageTA.<init>(CataloguePageTA.java:26)
at com.ae.qa.pagesTenantAdmin.WorkflowListPageTA.<init>(WorkflowListPageTA.java:33)
at com.ae.qa.pagesTenantAdmin.RequestsPageTA.<init>(RequestsPageTA.java:26)
at com.ae.qa.pagesTenantAdmin.CataloguePageTA.<init>(CataloguePageTA.java:26)
at com.ae.qa.pagesTenantAdmin.WorkflowListPageTA.<init>(WorkflowListPageTA.java:33)
at com.ae.qa.pagesTenantAdmin.RequestsPageTA.<init>(RequestsPageTA.java:26)
at com.ae.qa.pagesTenantAdmin.CataloguePageTA.<init>(CataloguePageTA.java:26)
at com.ae.qa.pagesTenantAdmin.WorkflowListPageTA.<init>(WorkflowListPageTA.java:33)
at com.ae.qa.pagesTenantAdmin.RequestsPageTA.<init>(RequestsPageTA.java:26)
at com.ae.qa.pagesTenantAdmin.CataloguePageTA.<init>(CataloguePageTA.java:26)
at com.ae.qa.pagesTenantAdmin.WorkflowListPageTA.<init>(WorkflowListPageTA.java:33)
at com.ae.qa.pagesTenantAdmin.RequestsPageTA.<init>(RequestsPageTA.java:26)
at com.ae.qa.pagesTenantAdmin.CataloguePageTA.<init>(CataloguePageTA.java:26)
at com.ae.qa.pagesTenantAdmin.WorkflowListPageTA.<init>(WorkflowListPageTA.java:33)
at com.ae.qa.pagesTenantAdmin.RequestsPageTA.<init>(RequestsPageTA.java:26)
at com.ae.qa.pagesTenantAdmin.CataloguePageTA.<init>(CataloguePageTA.java:26)
at com.ae.qa.pagesTenantAdmin.WorkflowListPageTA.<init>(WorkflowListPageTA.java:33)
at com.ae.qa.pagesTenantAdmin.RequestsPageTA.<init>(RequestsPageTA.java:26)
at com.ae.qa.pagesTenantAdmin.CataloguePageTA.<init>(CataloguePageTA.java:26)
at com.ae.qa.pagesTenantAdmin.WorkflowListPageTA.<init>(WorkflowListPageTA.java:33)
at com.ae.qa.pagesTenantAdmin.RequestsPageTA.<init>(RequestsPageTA.java:26)
at com.ae.qa.pagesTenantAdmin.CataloguePageTA.<init>(CataloguePageTA.java:26)
at com.ae.qa.pagesTenantAdmin.WorkflowListPageTA.<init>(WorkflowListPageTA.java:33)
at com.ae.qa.pagesTenantAdmin.RequestsPageTA.<init>(RequestsPageTA.java:26)
at com.ae.qa.pagesTenantAdmin.CataloguePageTA.<init>(CataloguePageTA.java:26)
at com.ae.qa.pagesTenantAdmin.WorkflowListPageTA.<init>(WorkflowListPageTA.java:33)
at com.ae.qa.pagesTenantAdmin.RequestsPageTA.<init>(RequestsPageTA.java:26)
at com.ae.qa.pagesTenantAdmin.CataloguePageTA.<init>(CataloguePageTA.java:26)
at com.ae.qa.pagesTenantAdmin.WorkflowListPageTA.<init>(WorkflowListPageTA.java:33)
at com.ae.qa.pagesTenantAdmin.RequestsPageTA.<init>(RequestsPageTA.java:26)
at com.ae.qa.pagesTenantAdmin.CataloguePageTA.<init>(CataloguePageTA.java:26)
at com.ae.qa.pagesTenantAdmin.WorkflowListPageTA.<init>(WorkflowListPageTA.java:33)
at com.ae.qa.pagesTenantAdmin.RequestsPageTA.<init>(RequestsPageTA.java:26)
at com.ae.qa.pagesTenantAdmin.CataloguePageTA.<init>(CataloguePageTA.java:26)
at com.ae.qa.pagesTenantAdmin.WorkflowListPageTA.<init>(WorkflowListPageTA.java:33)
at com.ae.qa.pagesTenantAdmin.RequestsPageTA.<init>(RequestsPageTA.java:26)
at com.ae.qa.pagesTenantAdmin.CataloguePageTA.<init>(CataloguePageTA.java:26)
at com.ae.qa.pagesTenantAdmin.WorkflowListPageTA.<init>(WorkflowListPageTA.java:33)
at com.ae.qa.pagesTenantAdmin.RequestsPageTA.<init>(RequestsPageTA.java:26)
at com.ae.qa.pagesTenantAdmin.CataloguePageTA.<init>(CataloguePageTA.java:26)
at com.ae.qa.pagesTenantAdmin.WorkflowListPageTA.<init>(WorkflowListPageTA.java:33)
at com.ae.qa.pagesTenantAdmin.RequestsPageTA.<init>(RequestsPageTA.java:26)
at com.ae.qa.pagesTenantAdmin.CataloguePageTA.<init>(CataloguePageTA.java:26)
at com.ae.qa.pagesTenantAdmin.WorkflowListPageTA.<init>(WorkflowListPageTA.java:33)
at com.ae.qa.pagesTenantAdmin.RequestsPageTA.<init>(RequestsPageTA.java:26)
at com.ae.qa.pagesTenantAdmin.CataloguePageTA.<init>(CataloguePageTA.java:26)
at com.ae.qa.pagesTenantAdmin.WorkflowListPageTA.<init>(WorkflowListPageTA.java:33)
at com.ae.qa.pagesTenantAdmin.RequestsPageTA.<init>(RequestsPageTA.java:26)
at com.ae.qa.pagesTenantAdmin.CataloguePageTA.<init>(CataloguePageTA.java:26)
at com.ae.qa.pagesTenantAdmin.WorkflowListPageTA.<init>(WorkflowListPageTA.java:33)
at com.ae.qa.pagesTenantAdmin.RequestsPageTA.<init>(RequestsPageTA.java:26)
at com.ae.qa.pagesTenantAdmin.CataloguePageTA.<init>(CataloguePageTA.java:26)
at com.ae.qa.pagesTenantAdmin.WorkflowListPageTA.<init>(WorkflowListPageTA.java:33)
at com.ae.qa.pagesTenantAdmin.RequestsPageTA.<init>(RequestsPageTA.java:26)
at com.ae.qa.pagesTenantAdmin.CataloguePageTA.<init>(CataloguePageTA.java:26)
at com.ae.qa.pagesTenantAdmin.WorkflowListPageTA.<init>(WorkflowListPageTA.java:33)
at com.ae.qa.pagesTenantAdmin.RequestsPageTA.<init>(RequestsPageTA.java:26)
at com.ae.qa.pagesTenantAdmin.CataloguePageTA.<init>(CataloguePageTA.java:26)
at com.ae.qa.pagesTenantAdmin.WorkflowListPageTA.<init>(WorkflowListPageTA.java:33)
at com.ae.qa.pagesTenantAdmin.RequestsPageTA.<init>(RequestsPageTA.java:26)
at com.ae.qa.pagesTenantAdmin.CataloguePageTA.<init>(CataloguePageTA.java:26)
at com.ae.qa.pagesTenantAdmin.WorkflowListPageTA.<init>(WorkflowListPageTA.java:33)
at com.ae.qa.pagesTenantAdmin.RequestsPageTA.<init>(RequestsPageTA.java:26)
at com.ae.qa.pagesTenantAdmin.CataloguePageTA.<init>(CataloguePageTA.java:26)
at com.ae.qa.pagesTenantAdmin.WorkflowListPageTA.<init>(WorkflowListPageTA.java:33)
at com.ae.qa.pagesTenantAdmin.RequestsPageTA.<init>(RequestsPageTA.java:26)
at com.ae.qa.pagesTenantAdmin.CataloguePageTA.<init>(CataloguePageTA.java:26)
at com.ae.qa.pagesTenantAdmin.WorkflowListPageTA.<init>(WorkflowListPageTA.java:33)
at com.ae.qa.pagesTenantAdmin.RequestsPageTA.<init>(RequestsPageTA.java:26)
at com.ae.qa.pagesTenantAdmin.CataloguePageTA.<init>(CataloguePageTA.java:26)
at com.ae.qa.pagesTenantAdmin.WorkflowListPageTA.<init>(WorkflowListPageTA.java:33)
at com.ae.qa.pagesTenantAdmin.RequestsPageTA.<init>(RequestsPageTA.java:26)
at com.ae.qa.pagesTenantAdmin.CataloguePageTA.<init>(CataloguePageTA.java:26)
at com.ae.qa.pagesTenantAdmin.WorkflowListPageTA.<init>(WorkflowListPageTA.java:33)
at com.ae.qa.pagesTenantAdmin.RequestsPageTA.<init>(RequestsPageTA.java:26)
at com.ae.qa.pagesTenantAdmin.CataloguePageTA.<init>(CataloguePageTA.java:26)
at com.ae.qa.pagesTenantAdmin.WorkflowListPageTA.<init>(WorkflowListPageTA.java:33)
at com.ae.qa.pagesTenantAdmin.RequestsPageTA.<init>(RequestsPageTA.java:26)
at com.ae.qa.pagesTenantAdmin.CataloguePageTA.<init>(CataloguePageTA.java:26)
at com.ae.qa.pagesTenantAdmin.WorkflowListPageTA.<init>(WorkflowListPageTA.java:33)
at com.ae.qa.pagesTenantAdmin.RequestsPageTA.<init>(RequestsPageTA.java:26)
at com.ae.qa.pagesTenantAdmin.CataloguePageTA.<init>(CataloguePageTA.java:26)
at com.ae.qa.pagesTenantAdmin.WorkflowListPageTA.<init>(WorkflowListPageTA.java:33)
at com.ae.qa.pagesTenantAdmin.RequestsPageTA.<init>(RequestsPageTA.java:26)
at com.ae.qa.pagesTenantAdmin.CataloguePageTA.<init>(CataloguePageTA.java:26)
at com.ae.qa.pagesTenantAdmin.WorkflowListPageTA.<init>(WorkflowListPageTA.java:33)
at com.ae.qa.pagesTenantAdmin.RequestsPageTA.<init>(RequestsPageTA.java:26)
at com.ae.qa.pagesTenantAdmin.CataloguePageTA.<init>(CataloguePageTA.java:26)
at com.ae.qa.pagesTenantAdmin.WorkflowListPageTA.<init>(WorkflowListPageTA.java:33)
at com.ae.qa.pagesTenantAdmin.RequestsPageTA.<init>(RequestsPageTA.java:26)
at com.ae.qa.pagesTenantAdmin.CataloguePageTA.<init>(CataloguePageTA.java:26)
at com.ae.qa.pagesTenantAdmin.WorkflowListPageTA.<init>(WorkflowListPageTA.java:33)
at com.ae.qa.pagesTenantAdmin.RequestsPageTA.<init>(RequestsPageTA.java:26)
at com.ae.qa.pagesTenantAdmin.CataloguePageTA.<init>(CataloguePageTA.java:26)
at com.ae.qa.pagesTenantAdmin.WorkflowListPageTA.<init>(WorkflowListPageTA.java:33)
at com.ae.qa.pagesTenantAdmin.RequestsPageTA.<init>(RequestsPageTA.java:26)
at com.ae.qa.pagesTenantAdmin.CataloguePageTA.<init>(CataloguePageTA.java:26)
at com.ae.qa.pagesTenantAdmin.WorkflowListPageTA.<init>(WorkflowListPageTA.java:33)
at com.ae.qa.pagesTenantAdmin.RequestsPageTA.<init>(RequestsPageTA.java:26)
at com.ae.qa.pagesTenantAdmin.CataloguePageTA.<init>(CataloguePageTA.java:26)
at com.ae.qa.pagesTenantAdmin.WorkflowListPageTA.<init>(WorkflowListPageTA.java:33)
at com.ae.qa.pagesTenantAdmin.RequestsPageTA.<init>(RequestsPageTA.java:26)
at com.ae.qa.pagesTenantAdmin.CataloguePageTA.<init>(CataloguePageTA.java:26)
at com.ae.qa.pagesTenantAdmin.WorkflowListPageTA.<init>(WorkflowListPageTA.java:33)
at com.ae.qa.pagesTenantAdmin.RequestsPageTA.<init>(RequestsPageTA.java:26)
at com.ae.qa.pagesTenantAdmin.CataloguePageTA.<init>(CataloguePageTA.java:26)
at com.ae.qa.pagesTenantAdmin.WorkflowListPageTA.<init>(WorkflowListPageTA.java:33)
at com.ae.qa.pagesTenantAdmin.RequestsPageTA.<init>(RequestsPageTA.java:26)
at com.ae.qa.pagesTenantAdmin.CataloguePageTA.<init>(CataloguePageTA.java:26)
at com.ae.qa.pagesTenantAdmin.WorkflowListPageTA.<init>(WorkflowListPageTA.java:33)
at com.ae.qa.pagesTenantAdmin.RequestsPageTA.<init>(RequestsPageTA.java:26)
at com.ae.qa.pagesTenantAdmin.CataloguePageTA.<init>(CataloguePageTA.java:26)
at com.ae.qa.pagesTenantAdmin.WorkflowListPageTA.<init>(WorkflowListPageTA.java:33)
at com.ae.qa.pagesTenantAdmin.RequestsPageTA.<init>(RequestsPageTA.java:26)
at com.ae.qa.pagesTenantAdmin.CataloguePageTA.<init>(CataloguePageTA.java:26)
at com.ae.qa.pagesTenantAdmin.WorkflowListPageTA.<init>(WorkflowListPageTA.java:33)
at com.ae.qa.pagesTenantAdmin.RequestsPageTA.<init>(RequestsPageTA.java:26)
at com.ae.qa.pagesTenantAdmin.CataloguePageTA.<init>(CataloguePageTA.java:26)
at com.ae.qa.pagesTenantAdmin.WorkflowListPageTA.<init>(WorkflowListPageTA.java:33)
at com.ae.qa.pagesTenantAdmin.RequestsPageTA.<init>(RequestsPageTA.java:26)
at com.ae.qa.pagesTenantAdmin.CataloguePageTA.<init>(CataloguePageTA.java:26)
at com.ae.qa.pagesTenantAdmin.WorkflowListPageTA.<init>(WorkflowListPageTA.java:33)
at com.ae.qa.pagesTenantAdmin.RequestsPageTA.<init>(RequestsPageTA.java:26)
at com.ae.qa.pagesTenantAdmin.CataloguePageTA.<init>(CataloguePageTA.java:26)
at com.ae.qa.pagesTenantAdmin.WorkflowListPageTA.<init>(WorkflowListPageTA.java:33)
at com.ae.qa.pagesTenantAdmin.RequestsPageTA.<init>(RequestsPageTA.java:26)
at com.ae.qa.pagesTenantAdmin.CataloguePageTA.<init>(CataloguePageTA.java:26)
at com.ae.qa.pagesTenantAdmin.WorkflowListPageTA.<init>(WorkflowListPageTA.java:33)
at com.ae.qa.pagesTenantAdmin.RequestsPageTA.<init>(RequestsPageTA.java:26)
at com.ae.qa.pagesTenantAdmin.CataloguePageTA.<init>(CataloguePageTA.java:26)
at com.ae.qa.pagesTenantAdmin.WorkflowListPageTA.<init>(WorkflowListPageTA.java:33)
at com.ae.qa.pagesTenantAdmin.RequestsPageTA.<init>(RequestsPageTA.java:26)
at com.ae.qa.pagesTenantAdmin.CataloguePageTA.<init>(CataloguePageTA.java:26)
at com.ae.qa.pagesTenantAdmin.WorkflowListPageTA.<init>(WorkflowListPageTA.java:33)
at com.ae.qa.pagesTenantAdmin.RequestsPageTA.<init>(RequestsPageTA.java:26)
at com.ae.qa.pagesTenantAdmin.CataloguePageTA.<init>(CataloguePageTA.java:26)
at com.ae.qa.pagesTenantAdmin.WorkflowListPageTA.<init>(WorkflowListPageTA.java:33)
at com.ae.qa.pagesTenantAdmin.RequestsPageTA.<init>(RequestsPageTA.java:26)
at com.ae.qa.pagesTenantAdmin.CataloguePageTA.<init>(CataloguePageTA.java:26)
at com.ae.qa.pagesTenantAdmin.WorkflowListPageTA.<init>(WorkflowListPageTA.java:33)
at com.ae.qa.pagesTenantAdmin.RequestsPageTA.<init>(RequestsPageTA.java:26)
at com.ae.qa.pagesTenantAdmin.CataloguePageTA.<init>(CataloguePageTA.java:26)
at com.ae.qa.pagesTenantAdmin.WorkflowListPageTA.<init>(WorkflowListPageTA.java:33)
at com.ae.qa.pagesTenantAdmin.RequestsPageTA.<init>(RequestsPageTA.java:26)
at com.ae.qa.pagesTenantAdmin.CataloguePageTA.<init>(CataloguePageTA.java:26)
at com.ae.qa.pagesTenantAdmin.WorkflowListPageTA.<init>(WorkflowListPageTA.java:33)
at com.ae.qa.pagesTenantAdmin.RequestsPageTA.<init>(RequestsPageTA.java:26)
at com.ae.qa.pagesTenantAdmin.CataloguePageTA.<init>(CataloguePageTA.java:26)
at com.ae.qa.pagesTenantAdmin.WorkflowListPageTA.<init>(WorkflowListPageTA.java:33)
at com.ae.qa.pagesTenantAdmin.RequestsPageTA.<init>(RequestsPageTA.java:26)
at com.ae.qa.pagesTenantAdmin.CataloguePageTA.<init>(CataloguePageTA.java:26)
at com.ae.qa.pagesTenantAdmin.WorkflowListPageTA.<init>(WorkflowListPageTA.java:33)
at com.ae.qa.pagesTenantAdmin.RequestsPageTA.<init>(RequestsPageTA.java:26)
at com.ae.qa.pagesTenantAdmin.CataloguePageTA.<init>(CataloguePageTA.java:26)
at com.ae.qa.pagesTenantAdmin.WorkflowListPageTA.<init>(WorkflowListPageTA.java:33)
at com.ae.qa.pagesTenantAdmin.RequestsPageTA.<init>(RequestsPageTA.java:26)
at com.ae.qa.pagesTenantAdmin.CataloguePageTA.<init>(CataloguePageTA.java:26)
at com.ae.qa.pagesTenantAdmin.WorkflowListPageTA.<init>(WorkflowListPageTA.java:33)
at com.ae.qa.pagesTenantAdmin.RequestsPageTA.<init>(RequestsPageTA.java:26)
at com.ae.qa.pagesTenantAdmin.CataloguePageTA.<init>(CataloguePageTA.java:26)
at com.ae.qa.pagesTenantAdmin.WorkflowListPageTA.<init>(WorkflowListPageTA.java:33)
at com.ae.qa.pagesTenantAdmin.RequestsPageTA.<init>(RequestsPageTA.java:26)
at com.ae.qa.pagesTenantAdmin.CataloguePageTA.<init>(CataloguePageTA.java:26)
at com.ae.qa.pagesTenantAdmin.WorkflowListPageTA.<init>(WorkflowListPageTA.java:33)
at com.ae.qa.pagesTenantAdmin.RequestsPageTA.<init>(RequestsPageTA.java:26)
at com.ae.qa.pagesTenantAdmin.CataloguePageTA.<init>(CataloguePageTA.java:26)
at com.ae.qa.pagesTenantAdmin.WorkflowListPageTA.<init>(WorkflowListPageTA.java:33)
at com.ae.qa.pagesTenantAdmin.RequestsPageTA.<init>(RequestsPageTA.java:26)
at com.ae.qa.pagesTenantAdmin.CataloguePageTA.<init>(CataloguePageTA.java:26)
at com.ae.qa.pagesTenantAdmin.WorkflowListPageTA.<init>(WorkflowListPageTA.java:33)
at com.ae.qa.pagesTenantAdmin.RequestsPageTA.<init>(RequestsPageTA.java:26)
at com.ae.qa.pagesTenantAdmin.CataloguePageTA.<init>(CataloguePageTA.java:26)
at com.ae.qa.pagesTenantAdmin.WorkflowListPageTA.<init>(WorkflowListPageTA.java:33)
at com.ae.qa.pagesTenantAdmin.RequestsPageTA.<init>(RequestsPageTA.java:26)
at com.ae.qa.pagesTenantAdmin.CataloguePageTA.<init>(CataloguePageTA.java:26)
at com.ae.qa.pagesTenantAdmin.WorkflowListPageTA.<init>(WorkflowListPageTA.java:33)
at com.ae.qa.pagesTenantAdmin.RequestsPageTA.<init>(RequestsPageTA.java:26)
at com.ae.qa.pagesTenantAdmin.CataloguePageTA.<init>(CataloguePageTA.java:26)
at com.ae.qa.pagesTenantAdmin.WorkflowListPageTA.<init>(WorkflowListPageTA.java:33)
at com.ae.qa.pagesTenantAdmin.RequestsPageTA.<init>(RequestsPageTA.java:26)
at com.ae.qa.pagesTenantAdmin.CataloguePageTA.<init>(CataloguePageTA.java:26)
at com.ae.qa.pagesTenantAdmin.WorkflowListPageTA.<init>(WorkflowListPageTA.java:33)
at com.ae.qa.pagesTenantAdmin.RequestsPageTA.<init>(RequestsPageTA.java:26)
at com.ae.qa.pagesTenantAdmin.CataloguePageTA.<init>(CataloguePageTA.java:26)
at com.ae.qa.pagesTenantAdmin.WorkflowListPageTA.<init>(WorkflowListPageTA.java:33)
at com.ae.qa.pagesTenantAdmin.RequestsPageTA.<init>(RequestsPageTA.java:26)
at com.ae.qa.pagesTenantAdmin.CataloguePageTA.<init>(CataloguePageTA.java:26)
at com.ae.qa.pagesTenantAdmin.WorkflowListPageTA.<init>(WorkflowListPageTA.java:33)
at com.ae.qa.pagesTenantAdmin.RequestsPageTA.<init>(RequestsPageTA.java:26)
at com.ae.qa.pagesTenantAdmin.CataloguePageTA.<init>(CataloguePageTA.java:26)
at com.ae.qa.pagesTenantAdmin.WorkflowListPageTA.<init>(WorkflowListPageTA.java:33)
at com.ae.qa.pagesTenantAdmin.RequestsPageTA.<init>(RequestsPageTA.java:26)
at com.ae.qa.pagesTenantAdmin.CataloguePageTA.<init>(CataloguePageTA.java:26)
at com.ae.qa.pagesTenantAdmin.WorkflowListPageTA.<init>(WorkflowListPageTA.java:33)
at com.ae.qa.pagesTenantAdmin.RequestsPageTA.<init>(RequestsPageTA.java:26)
at com.ae.qa.pagesTenantAdmin.CataloguePageTA.<init>(CataloguePageTA.java:26)
at com.ae.qa.pagesTenantAdmin.WorkflowListPageTA.<init>(WorkflowListPageTA.java:33)
at com.ae.qa.pagesTenantAdmin.RequestsPageTA.<init>(RequestsPageTA.java:26)
at com.ae.qa.pagesTenantAdmin.CataloguePageTA.<init>(CataloguePageTA.java:26)
at com.ae.qa.pagesTenantAdmin.WorkflowListPageTA.<init>(WorkflowListPageTA.java:33)
at com.ae.qa.pagesTenantAdmin.RequestsPageTA.<init>(RequestsPageTA.java:26)
at com.ae.qa.pagesTenantAdmin.CataloguePageTA.<init>(CataloguePageTA.java:26)
at com.ae.qa.pagesTenantAdmin.WorkflowListPageTA.<init>(WorkflowListPageTA.java:33)
at com.ae.qa.pagesTenantAdmin.RequestsPageTA.<init>(RequestsPageTA.java:26)
at com.ae.qa.pagesTenantAdmin.CataloguePageTA.<init>(CataloguePageTA.java:26)
at com.ae.qa.pagesTenantAdmin.WorkflowListPageTA.<init>(WorkflowListPageTA.java:33)
at com.ae.qa.pagesTenantAdmin.RequestsPageTA.<init>(RequestsPageTA.java:26)
at com.ae.qa.pagesTenantAdmin.CataloguePageTA.<init>(CataloguePageTA.java:26)
at com.ae.qa.pagesTenantAdmin.WorkflowListPageTA.<init>(WorkflowListPageTA.java:33)
at com.ae.qa.pagesTenantAdmin.RequestsPageTA.<init>(RequestsPageTA.java:26)
at com.ae.qa.pagesTenantAdmin.CataloguePageTA.<init>(CataloguePageTA.java:26)
at com.ae.qa.pagesTenantAdmin.WorkflowListPageTA.<init>(WorkflowListPageTA.java:33)
at com.ae.qa.pagesTenantAdmin.RequestsPageTA.<init>(RequestsPageTA.java:26)
at com.ae.qa.pagesTenantAdmin.CataloguePageTA.<init>(CataloguePageTA.java:26)
at com.ae.qa.pagesTenantAdmin.WorkflowListPageTA.<init>(WorkflowListPageTA.java:33)
at com.ae.qa.pagesTenantAdmin.RequestsPageTA.<init>(RequestsPageTA.java:26)
at com.ae.qa.pagesTenantAdmin.CataloguePageTA.<init>(CataloguePageTA.java:26)
at com.ae.qa.pagesTenantAdmin.WorkflowListPageTA.<init>(WorkflowListPageTA.java:33)
at com.ae.qa.pagesTenantAdmin.RequestsPageTA.<init>(RequestsPageTA.java:26)
at com.ae.qa.pagesTenantAdmin.CataloguePageTA.<init>(CataloguePageTA.java:26)
at com.ae.qa.pagesTenantAdmin.WorkflowListPageTA.<init>(WorkflowListPageTA.java:33)
at com.ae.qa.pagesTenantAdmin.RequestsPageTA.<init>(RequestsPageTA.java:26)
at com.ae.qa.pagesTenantAdmin.CataloguePageTA.<init>(CataloguePageTA.java:26)
at com.ae.qa.pagesTenantAdmin.WorkflowListPageTA.<init>(WorkflowListPageTA.java:33)
at com.ae.qa.pagesTenantAdmin.RequestsPageTA.<init>(RequestsPageTA.java:26)
at com.ae.qa.pagesTenantAdmin.CataloguePageTA.<init>(CataloguePageTA.java:26)
at com.ae.qa.pagesTenantAdmin.WorkflowListPageTA.<init>(WorkflowListPageTA.java:33)
at com.ae.qa.pagesTenantAdmin.RequestsPageTA.<init>(RequestsPageTA.java:26)
at com.ae.qa.pagesTenantAdmin.CataloguePageTA.<init>(CataloguePageTA.java:26)
at com.ae.qa.pagesTenantAdmin.WorkflowListPageTA.<init>(WorkflowListPageTA.java:33)
at com.ae.qa.pagesTenantAdmin.RequestsPageTA.<init>(RequestsPageTA.java:26)
at com.ae.qa.pagesTenantAdmin.CataloguePageTA.<init>(CataloguePageTA.java:26)
at com.ae.qa.pagesTenantAdmin.WorkflowListPageTA.<init>(WorkflowListPageTA.java:33)
at com.ae.qa.pagesTenantAdmin.RequestsPageTA.<init>(RequestsPageTA.java:26)
at com.ae.qa.pagesTenantAdmin.CataloguePageTA.<init>(CataloguePageTA.java:26)
at com.ae.qa.pagesTenantAdmin.WorkflowListPageTA.<init>(WorkflowListPageTA.java:33)
at com.ae.qa.pagesTenantAdmin.RequestsPageTA.<init>(RequestsPageTA.java:26)
at com.ae.qa.pagesTenantAdmin.CataloguePageTA.<init>(CataloguePageTA.java:26)
at com.ae.qa.pagesTenantAdmin.WorkflowListPageTA.<init>(WorkflowListPageTA.java:33)
at com.ae.qa.pagesTenantAdmin.RequestsPageTA.<init>(RequestsPageTA.java:26)
at com.ae.qa.pagesTenantAdmin.CataloguePageTA.<init>(CataloguePageTA.java:26)
at com.ae.qa.pagesTenantAdmin.WorkflowListPageTA.<init>(WorkflowListPageTA.java:33)
at com.ae.qa.pagesTenantAdmin.RequestsPageTA.<init>(RequestsPageTA.java:26)
at com.ae.qa.pagesTenantAdmin.CataloguePageTA.<init>(CataloguePageTA.java:26)
at com.ae.qa.pagesTenantAdmin.WorkflowListPageTA.<init>(WorkflowListPageTA.java:33)
at com.ae.qa.pagesTenantAdmin.RequestsPageTA.<init>(RequestsPageTA.java:26)
at com.ae.qa.pagesTenantAdmin.CataloguePageTA.<init>(CataloguePageTA.java:26)
at com.ae.qa.pagesTenantAdmin.WorkflowListPageTA.<init>(WorkflowListPageTA.java:33)
at com.ae.qa.pagesTenantAdmin.RequestsPageTA.<init>(RequestsPageTA.java:26)
at com.ae.qa.pagesTenantAdmin.CataloguePageTA.<init>(CataloguePageTA.java:26)
at com.ae.qa.pagesTenantAdmin.WorkflowListPageTA.<init>(WorkflowListPageTA.java:33)
at com.ae.qa.pagesTenantAdmin.RequestsPageTA.<init>(RequestsPageTA.java:26)
at com.ae.qa.pagesTenantAdmin.CataloguePageTA.<init>(CataloguePageTA.java:26)
at com.ae.qa.pagesTenantAdmin.WorkflowListPageTA.<init>(WorkflowListPageTA.java:33)
at com.ae.qa.pagesTenantAdmin.RequestsPageTA.<init>(RequestsPageTA.java:26)
at com.ae.qa.pagesTenantAdmin.CataloguePageTA.<init>(CataloguePageTA.java:26)
at com.ae.qa.pagesTenantAdmin.WorkflowListPageTA.<init>(WorkflowListPageTA.java:33)
at com.ae.qa.pagesTenantAdmin.RequestsPageTA.<init>(RequestsPageTA.java:26)
at com.ae.qa.pagesTenantAdmin.CataloguePageTA.<init>(CataloguePageTA.java:26)
at com.ae.qa.pagesTenantAdmin.WorkflowListPageTA.<init>(WorkflowListPageTA.java:33)
at com.ae.qa.pagesTenantAdmin.RequestsPageTA.<init>(RequestsPageTA.java:26)
at com.ae.qa.pagesTenantAdmin.CataloguePageTA.<init>(CataloguePageTA.java:26)
at com.ae.qa.pagesTenantAdmin.WorkflowListPageTA.<init>(WorkflowListPageTA.java:33)
at com.ae.qa.pagesTenantAdmin.RequestsPageTA.<init>(RequestsPageTA.java:26)
at com.ae.qa.pagesTenantAdmin.CataloguePageTA.<init>(CataloguePageTA.java:26)
at com.ae.qa.pagesTenantAdmin.WorkflowListPageTA.<init>(WorkflowListPageTA.java:33)
at com.ae.qa.pagesTenantAdmin.RequestsPageTA.<init>(RequestsPageTA.java:26)
at com.ae.qa.pagesTenantAdmin.CataloguePageTA.<init>(CataloguePageTA.java:26)
at com.ae.qa.pagesTenantAdmin.WorkflowListPageTA.<init>(WorkflowListPageTA.java:33)
at com.ae.qa.pagesTenantAdmin.RequestsPageTA.<init>(RequestsPageTA.java:26)
at com.ae.qa.pagesTenantAdmin.CataloguePageTA.<init>(CataloguePageTA.java:26)
at com.ae.qa.pagesTenantAdmin.WorkflowListPageTA.<init>(WorkflowListPageTA.java:33)
at com.ae.qa.pagesTenantAdmin.RequestsPageTA.<init>(RequestsPageTA.java:26)
at com.ae.qa.pagesTenantAdmin.CataloguePageTA.<init>(CataloguePageTA.java:26)
at com.ae.qa.pagesTenantAdmin.WorkflowListPageTA.<init>(WorkflowListPageTA.java:33)
at com.ae.qa.pagesTenantAdmin.RequestsPageTA.<init>(RequestsPageTA.java:26)
at com.ae.qa.pagesTenantAdmin.CataloguePageTA.<init>(CataloguePageTA.java:26)
at com.ae.qa.pagesTenantAdmin.WorkflowListPageTA.<init>(WorkflowListPageTA.java:33)
at com.ae.qa.pagesTenantAdmin.RequestsPageTA.<init>(RequestsPageTA.java:26)
at com.ae.qa.pagesTenantAdmin.CataloguePageTA.<init>(CataloguePageTA.java:26)
at com.ae.qa.pagesTenantAdmin.WorkflowListPageTA.<init>(WorkflowListPageTA.java:33)
at com.ae.qa.pagesTenantAdmin.RequestsPageTA.<init>(RequestsPageTA.java:26)
at com.ae.qa.pagesTenantAdmin.CataloguePageTA.<init>(CataloguePageTA.java:26)
at com.ae.qa.pagesTenantAdmin.WorkflowListPageTA.<init>(WorkflowListPageTA.java:33)
at com.ae.qa.pagesTenantAdmin.RequestsPageTA.<init>(RequestsPageTA.java:26)
at com.ae.qa.pagesTenantAdmin.CataloguePageTA.<init>(CataloguePageTA.java:26)
at com.ae.qa.pagesTenantAdmin.WorkflowListPageTA.<init>(WorkflowListPageTA.java:33)
at com.ae.qa.pagesTenantAdmin.RequestsPageTA.<init>(RequestsPageTA.java:26)
at com.ae.qa.pagesTenantAdmin.CataloguePageTA.<init>(CataloguePageTA.java:26)
at com.ae.qa.pagesTenantAdmin.WorkflowListPageTA.<init>(WorkflowListPageTA.java:33)
at com.ae.qa.pagesTenantAdmin.RequestsPageTA.<init>(RequestsPageTA.java:26)
at com.ae.qa.pagesTenantAdmin.CataloguePageTA.<init>(CataloguePageTA.java:26)
at com.ae.qa.pagesTenantAdmin.WorkflowListPageTA.<init>(WorkflowListPageTA.java:33)
at com.ae.qa.pagesTenantAdmin.RequestsPageTA.<init>(RequestsPageTA.java:26)
at com.ae.qa.pagesTenantAdmin.CataloguePageTA.<init>(CataloguePageTA.java:26)
at com.ae.qa.pagesTenantAdmin.WorkflowListPageTA.<init>(WorkflowListPageTA.java:33)
at com.ae.qa.pagesTenantAdmin.RequestsPageTA.<init>(RequestsPageTA.java:26)
at com.ae.qa.pagesTenantAdmin.CataloguePageTA.<init>(CataloguePageTA.java:26)
at com.ae.qa.pagesTenantAdmin.WorkflowListPageTA.<init>(WorkflowListPageTA.java:33)
at com.ae.qa.pagesTenantAdmin.RequestsPageTA.<init>(RequestsPageTA.java:26)
at com.ae.qa.pagesTenantAdmin.CataloguePageTA.<init>(CataloguePageTA.java:26)
at com.ae.qa.pagesTenantAdmin.WorkflowListPageTA.<init>(WorkflowListPageTA.java:33)
at com.ae.qa.pagesTenantAdmin.RequestsPageTA.<init>(RequestsPageTA.java:26)
at com.ae.qa.pagesTenantAdmin.CataloguePageTA.<init>(CataloguePageTA.java:26)
at com.ae.qa.pagesTenantAdmin.WorkflowListPageTA.<init>(WorkflowListPageTA.java:33)
at com.ae.qa.pagesTenantAdmin.RequestsPageTA.<init>(RequestsPageTA.java:26)
at com.ae.qa.pagesTenantAdmin.CataloguePageTA.<init>(CataloguePageTA.java:26)
at com.ae.qa.pagesTenantAdmin.WorkflowListPageTA.<init>(WorkflowListPageTA.java:33)
at com.ae.qa.pagesTenantAdmin.RequestsPageTA.<init>(RequestsPageTA.java:26)
at com.ae.qa.pagesTenantAdmin.CataloguePageTA.<init>(CataloguePageTA.java:26)
at com.ae.qa.pagesTenantAdmin.WorkflowListPageTA.<init>(WorkflowListPageTA.java:33)
at com.ae.qa.pagesTenantAdmin.RequestsPageTA.<init>(RequestsPageTA.java:26)
at com.ae.qa.pagesTenantAdmin.CataloguePageTA.<init>(CataloguePageTA.java:26)
at com.ae.qa.pagesTenantAdmin.WorkflowListPageTA.<init>(WorkflowListPageTA.java:33)
at com.ae.qa.pagesTenantAdmin.RequestsPageTA.<init>(RequestsPageTA.java:26)
at com.ae.qa.pagesTenantAdmin.CataloguePageTA.<init>(CataloguePageTA.java:26)
at com.ae.qa.pagesTenantAdmin.WorkflowListPageTA.<init>(WorkflowListPageTA.java:33)
at com.ae.qa.pagesTenantAdmin.RequestsPageTA.<init>(RequestsPageTA.java:26)
at com.ae.qa.pagesTenantAdmin.CataloguePageTA.<init>(CataloguePageTA.java:26)
at com.ae.qa.pagesTenantAdmin.WorkflowListPageTA.<init>(WorkflowListPageTA.java:33)
at com.ae.qa.pagesTenantAdmin.RequestsPageTA.<init>(RequestsPageTA.java:26)
at com.ae.qa.pagesTenantAdmin.CataloguePageTA.<init>(CataloguePageTA.java:26)
at com.ae.qa.pagesTenantAdmin.WorkflowListPageTA.<init>(WorkflowListPageTA.java:33)
at com.ae.qa.pagesTenantAdmin.RequestsPageTA.<init>(RequestsPageTA.java:26)
at com.ae.qa.pagesTenantAdmin.CataloguePageTA.<init>(CataloguePageTA.java:26)
at com.ae.qa.pagesTenantAdmin.WorkflowListPageTA.<init>(WorkflowListPageTA.java:33)
at com.ae.qa.pagesTenantAdmin.RequestsPageTA.<init>(RequestsPageTA.java:26)
at com.ae.qa.pagesTenantAdmin.CataloguePageTA.<init>(CataloguePageTA.java:26)
at com.ae.qa.pagesTenantAdmin.WorkflowListPageTA.<init>(WorkflowListPageTA.java:33)
at com.ae.qa.pagesTenantAdmin.RequestsPageTA.<init>(RequestsPageTA.java:26)
at com.ae.qa.pagesTenantAdmin.CataloguePageTA.<init>(CataloguePageTA.java:26)
at com.ae.qa.pagesTenantAdmin.WorkflowListPageTA.<init>(WorkflowListPageTA.java:33)
at com.ae.qa.pagesTenantAdmin.RequestsPageTA.<init>(RequestsPageTA.java:26)
at com.ae.qa.pagesTenantAdmin.CataloguePageTA.<init>(CataloguePageTA.java:26)
at com.ae.qa.pagesTenantAdmin.WorkflowListPageTA.<init>(WorkflowListPageTA.java:33)
at com.ae.qa.pagesTenantAdmin.RequestsPageTA.<init>(RequestsPageTA.java:26)
at com.ae.qa.pagesTenantAdmin.CataloguePageTA.<init>(CataloguePageTA.java:26)
at com.ae.qa.pagesTenantAdmin.WorkflowListPageTA.<init>(WorkflowListPageTA.java:33)
at com.ae.qa.pagesTenantAdmin.RequestsPageTA.<init>(RequestsPageTA.java:26)
at com.ae.qa.pagesTenantAdmin.CataloguePageTA.<init>(CataloguePageTA.java:26)
at com.ae.qa.pagesTenantAdmin.WorkflowListPageTA.<init>(WorkflowListPageTA.java:33)
at com.ae.qa.pagesTenantAdmin.RequestsPageTA.<init>(RequestsPageTA.java:26)
at com.ae.qa.pagesTenantAdmin.CataloguePageTA.<init>(CataloguePageTA.java:26)
at com.ae.qa.pagesTenantAdmin.WorkflowListPageTA.<init>(WorkflowListPageTA.java:33)
at com.ae.qa.pagesTenantAdmin.RequestsPageTA.<init>(RequestsPageTA.java:26)
at com.ae.qa.pagesTenantAdmin.CataloguePageTA.<init>(CataloguePageTA.java:26)
at com.ae.qa.pagesTenantAdmin.WorkflowListPageTA.<init>(WorkflowListPageTA.java:33)
at com.ae.qa.pagesTenantAdmin.RequestsPageTA.<init>(RequestsPageTA.java:26)
at com.ae.qa.pagesTenantAdmin.CataloguePageTA.<init>(CataloguePageTA.java:26)
at com.ae.qa.pagesTenantAdmin.WorkflowListPageTA.<init>(WorkflowListPageTA.java:33)
at com.ae.qa.pagesTenantAdmin.RequestsPageTA.<init>(RequestsPageTA.java:26)
at com.ae.qa.pagesTenantAdmin.CataloguePageTA.<init>(CataloguePageTA.java:26)
at com.ae.qa.pagesTenantAdmin.WorkflowListPageTA.<init>(WorkflowListPageTA.java:33)
at com.ae.qa.pagesTenantAdmin.RequestsPageTA.<init>(RequestsPageTA.java:26)
at com.ae.qa.pagesTenantAdmin.CataloguePageTA.<init>(CataloguePageTA.java:26)
at com.ae.qa.pagesTenantAdmin.WorkflowListPageTA.<init>(WorkflowListPageTA.java:33)
at com.ae.qa.pagesTenantAdmin.RequestsPageTA.<init>(RequestsPageTA.java:26)
at com.ae.qa.pagesTenantAdmin.CataloguePageTA.<init>(CataloguePageTA.java:26)
at com.ae.qa.pagesTenantAdmin.WorkflowListPageTA.<init>(WorkflowListPageTA.java:33)
at com.ae.qa.pagesTenantAdmin.RequestsPageTA.<init>(RequestsPageTA.java:26)
at com.ae.qa.pagesTenantAdmin.CataloguePageTA.<init>(CataloguePageTA.java:26)
at com.ae.qa.pagesTenantAdmin.WorkflowListPageTA.<init>(WorkflowListPageTA.java:33)
at com.ae.qa.pagesTenantAdmin.RequestsPageTA.<init>(RequestsPageTA.java:26)
at com.ae.qa.pagesTenantAdmin.CataloguePageTA.<init>(CataloguePageTA.java:26)
at com.ae.qa.pagesTenantAdmin.WorkflowListPageTA.<init>(WorkflowListPageTA.java:33)
at com.ae.qa.pagesTenantAdmin.RequestsPageTA.<init>(RequestsPageTA.java:26)
at com.ae.qa.pagesTenantAdmin.CataloguePageTA.<init>(CataloguePageTA.java:26)
at com.ae.qa.pagesTenantAdmin.WorkflowListPageTA.<init>(WorkflowListPageTA.java:33)
at com.ae.qa.pagesTenantAdmin.RequestsPageTA.<init>(RequestsPageTA.java:26)
at com.ae.qa.pagesTenantAdmin.CataloguePageTA.<init>(CataloguePageTA.java:26)
at com.ae.qa.pagesTenantAdmin.WorkflowListPageTA.<init>(WorkflowListPageTA.java:33)
at com.ae.qa.pagesTenantAdmin.RequestsPageTA.<init>(RequestsPageTA.java:26)
at com.ae.qa.pagesTenantAdmin.CataloguePageTA.<init>(CataloguePageTA.java:26)
at com.ae.qa.pagesTenantAdmin.WorkflowListPageTA.<init>(WorkflowListPageTA.java:33)
at com.ae.qa.pagesTenantAdmin.RequestsPageTA.<init>(RequestsPageTA.java:26)
at com.ae.qa.pagesTenantAdmin.CataloguePageTA.<init>(CataloguePageTA.java:26)
at com.ae.qa.pagesTenantAdmin.WorkflowListPageTA.<init>(WorkflowListPageTA.java:33)
at com.ae.qa.pagesTenantAdmin.RequestsPageTA.<init>(RequestsPageTA.java:26)
at com.ae.qa.pagesTenantAdmin.CataloguePageTA.<init>(CataloguePageTA.java:26)
at com.ae.qa.pagesTenantAdmin.WorkflowListPageTA.<init>(WorkflowListPageTA.java:33)
at com.ae.qa.pagesTenantAdmin.RequestsPageTA.<init>(RequestsPageTA.java:26)
at com.ae.qa.pagesTenantAdmin.CataloguePageTA.<init>(CataloguePageTA.java:26)
at com.ae.qa.pagesTenantAdmin.WorkflowListPageTA.<init>(WorkflowListPageTA.java:33)
at com.ae.qa.pagesTenantAdmin.RequestsPageTA.<init>(RequestsPageTA.java:26)
at com.ae.qa.pagesTenantAdmin.CataloguePageTA.<init>(CataloguePageTA.java:26)
at com.ae.qa.pagesTenantAdmin.WorkflowListPageTA.<init>(WorkflowListPageTA.java:33)
at com.ae.qa.pagesTenantAdmin.RequestsPageTA.<init>(RequestsPageTA.java:26)
at com.ae.qa.pagesTenantAdmin.CataloguePageTA.<init>(CataloguePageTA.java:26)
at com.ae.qa.pagesTenantAdmin.WorkflowListPageTA.<init>(WorkflowListPageTA.java:33)
at com.ae.qa.pagesTenantAdmin.RequestsPageTA.<init>(RequestsPageTA.java:26)
at com.ae.qa.pagesTenantAdmin.CataloguePageTA.<init>(CataloguePageTA.java:26)
at com.ae.qa.pagesTenantAdmin.WorkflowListPageTA.<init>(WorkflowListPageTA.java:33)
]]>
    </error>
  </testcase> <!-- validateRequestFailureReasonTest -->
</testsuite> <!-- com.ae.qa.testcasesTenantAdmin.RequestsPageTestTA -->
