<?xml version="1.0" encoding="UTF-8"?>
<!-- Generated by org.testng.reporters.JUnitReportReporter -->
<testsuite hostname="DESKTOP-5VHKQUJ" failures="0" tests="3" name="com.ae.qa.testcases.IntegrationTypesPageTest" time="90.254" errors="0" timestamp="24 Jun 2022 05:16:00 GMT" skipped="0">
  <testcase classname="com.ae.qa.testcases.IntegrationTypesPageTest" name="validateAddIntegrationTypesTest" time="37.148"/>
  <testcase classname="com.ae.qa.testcases.IntegrationTypesPageTest" name="validateEditIntegrationTypesTest" time="32.015"/>
  <testcase classname="com.ae.qa.testcases.IntegrationTypesPageTest" name="validateIntegrationTypePageTest" time="21.091"/>
</testsuite> <!-- com.ae.qa.testcases.IntegrationTypesPageTest -->
