<?xml version="1.0" encoding="UTF-8"?>
<!-- Generated by org.testng.reporters.JUnitReportReporter -->
<testsuite hostname="DESKTOP-5VHKQUJ" failures="0" tests="1" name="com.ae.qa.testcasesTenantUser.WorkflowListPageTestTU" time="131.242" errors="0" timestamp="27 Jul 2022 07:22:36 GMT" skipped="0">
  <testcase classname="com.ae.qa.testcasesTenantUser.WorkflowListPageTestTU" name="validateEditWorkflowTUTest" time="131.242"/>
</testsuite> <!-- com.ae.qa.testcasesTenantUser.WorkflowListPageTestTU -->
