<?xml version="1.0" encoding="UTF-8"?>
<!-- Generated by org.testng.reporters.JUnitReportReporter -->
<testsuite hostname="DESKTOP-5VHKQUJ" failures="0" tests="1" name="com.ae.qa.testcasesActivityMonitor.DashboardsPageTestAM" time="31.359" errors="0" timestamp="26 Jul 2022 09:37:44 GMT" skipped="0">
  <testcase classname="com.ae.qa.testcasesActivityMonitor.DashboardsPageTestAM" name="validateDeleteDashboardWithReportAMTest" time="31.359"/>
</testsuite> <!-- com.ae.qa.testcasesActivityMonitor.DashboardsPageTestAM -->
