<?xml version="1.0" encoding="UTF-8"?>
<!-- Generated by org.testng.reporters.JUnitReportReporter -->
<testsuite hostname="LPT-0919" failures="0" tests="1" name="com.ae.qa.testcasesTenantAdmin.LicenseDetailsPageTestTA" time="13.315" errors="0" timestamp="28 Dec 2021 07:22:50 GMT" skipped="0">
  <testcase classname="com.ae.qa.testcasesTenantAdmin.LicenseDetailsPageTestTA" name="validateLicenseDetailsPageTATest" time="13.315"/>
</testsuite> <!-- com.ae.qa.testcasesTenantAdmin.LicenseDetailsPageTestTA -->
