<?xml version="1.0" encoding="UTF-8"?>
<!-- Generated by org.testng.reporters.JUnitReportReporter -->
<testsuite hostname="DESKTOP-5VHKQUJ" failures="0" tests="1" name="com.ae.qa.testcases.AgentAdmin.AgentListPageTestAA" time="36.417" errors="0" timestamp="31 May 2022 04:50:23 GMT" skipped="0">
  <testcase classname="com.ae.qa.testcases.AgentAdmin.AgentListPageTestAA" name="validateEditIPAddressTest" time="36.417"/>
</testsuite> <!-- com.ae.qa.testcases.AgentAdmin.AgentListPageTestAA -->
