<?xml version="1.0" encoding="UTF-8"?>
<!-- Generated by org.testng.reporters.JUnitReportReporter -->
<testsuite hostname="LPT-0919" failures="0" tests="1" name="com.ae.qa.testcasesTenantAdmin.ContainersPageTestTA" time="43.960" errors="0" timestamp="22 Apr 2021 07:19:59 GMT" skipped="0">
  <testcase classname="com.ae.qa.testcasesTenantAdmin.ContainersPageTestTA" name="validateCreateContainerTest" time="43.960"/>
</testsuite> <!-- com.ae.qa.testcasesTenantAdmin.ContainersPageTestTA -->
