<?xml version="1.0" encoding="UTF-8"?>
<!-- Generated by org.testng.reporters.JUnitReportReporter -->
<testsuite hostname="DESKTOP-5VHKQUJ" failures="0" tests="2" name="com.ae.qa.testcasesWorkflowAdmin.AgentListPageTestWA" time="194.957" errors="1" timestamp="10 Jul 2022 18:35:07 GMT" skipped="0">
  <testcase classname="com.ae.qa.testcasesWorkflowAdmin.AgentListPageTestWA" name="validateAssistedAgentDownloadWATest" time="146.247">
    <error message="Cannot run program &quot;cmd&quot; (in directory &quot;C:\Users\DELL\Downloads\AE_Automation_UploadFiles\AgentRunA.bat&quot;): CreateProcess error=267, The directory name is invalid" type="java.io.IOException">
      <![CDATA[java.io.IOException: Cannot run program "cmd" (in directory "C:\Users\DELL\Downloads\AE_Automation_UploadFiles\AgentRunA.bat"): CreateProcess error=267, The directory name is invalid
at java.base/java.lang.ProcessBuilder.start(ProcessBuilder.java:1142)
at java.base/java.lang.ProcessBuilder.start(ProcessBuilder.java:1073)
at com.ae.qa.pages.WorkflowAdmin.AgentListPageWA.validateAssistedAgentDownloadWA(AgentListPageWA.java:64)
at com.ae.qa.testcasesWorkflowAdmin.AgentListPageTestWA.validateAssistedAgentDownloadWATest(AgentListPageTestWA.java:23)
at java.base/jdk.internal.reflect.NativeMethodAccessorImpl.invoke0(Native Method)
at java.base/jdk.internal.reflect.NativeMethodAccessorImpl.invoke(NativeMethodAccessorImpl.java:78)
at java.base/jdk.internal.reflect.DelegatingMethodAccessorImpl.invoke(DelegatingMethodAccessorImpl.java:43)
at java.base/java.lang.reflect.Method.invoke(Method.java:567)
at org.testng.internal.MethodInvocationHelper.invokeMethod(MethodInvocationHelper.java:124)
at org.testng.internal.Invoker.invokeMethod(Invoker.java:583)
at org.testng.internal.Invoker.invokeTestMethod(Invoker.java:719)
at org.testng.internal.Invoker.invokeTestMethods(Invoker.java:989)
at org.testng.internal.TestMethodWorker.invokeTestMethods(TestMethodWorker.java:125)
at org.testng.internal.TestMethodWorker.run(TestMethodWorker.java:109)
at org.testng.TestRunner.privateRun(TestRunner.java:648)
at org.testng.TestRunner.run(TestRunner.java:505)
at org.testng.SuiteRunner.runTest(SuiteRunner.java:455)
at org.testng.SuiteRunner.runSequentially(SuiteRunner.java:450)
at org.testng.SuiteRunner.privateRun(SuiteRunner.java:415)
at org.testng.SuiteRunner.run(SuiteRunner.java:364)
at org.testng.SuiteRunnerWorker.runSuite(SuiteRunnerWorker.java:52)
at org.testng.SuiteRunnerWorker.run(SuiteRunnerWorker.java:84)
at org.testng.TestNG.runSuitesSequentially(TestNG.java:1208)
at org.testng.TestNG.runSuitesLocally(TestNG.java:1137)
at org.testng.TestNG.runSuites(TestNG.java:1049)
at org.testng.TestNG.run(TestNG.java:1017)
at org.testng.remote.AbstractRemoteTestNG.run(AbstractRemoteTestNG.java:115)
at org.testng.remote.RemoteTestNG.initAndRun(RemoteTestNG.java:251)
at org.testng.remote.RemoteTestNG.main(RemoteTestNG.java:77)
Caused by: java.io.IOException: CreateProcess error=267, The directory name is invalid
at java.base/java.lang.ProcessImpl.create(Native Method)
at java.base/java.lang.ProcessImpl.<init>(ProcessImpl.java:492)
at java.base/java.lang.ProcessImpl.start(ProcessImpl.java:158)
at java.base/java.lang.ProcessBuilder.start(ProcessBuilder.java:1109)
... 28 more
]]>
    </error>
  </testcase> <!-- validateAssistedAgentDownloadWATest -->
  <testcase classname="com.ae.qa.testcasesWorkflowAdmin.AgentListPageTestWA" name="validateCheckAgentStatusWATest" time="48.710"/>
</testsuite> <!-- com.ae.qa.testcasesWorkflowAdmin.AgentListPageTestWA -->
