<?xml version="1.0" encoding="UTF-8"?>
<!-- Generated by org.testng.reporters.JUnitReportReporter -->
<testsuite hostname="DESKTOP-5VHKQUJ" failures="0" tests="6" name="com.ae.qa.testcases.AuditLogsPageTest" time="168.772" errors="0" timestamp="24 Jun 2022 05:23:34 GMT" skipped="0">
  <testcase classname="com.ae.qa.testcases.AuditLogsPageTest" name="validatedownloadingAuditLogs" time="38.496"/>
  <testcase classname="com.ae.qa.testcases.AuditLogsPageTest" name="validatecheckColumnsInAuditLogs" time="24.367"/>
  <testcase classname="com.ae.qa.testcases.AuditLogsPageTest" name="validatedeselectAllInAuditLogs" time="29.285"/>
  <testcase classname="com.ae.qa.testcases.AuditLogsPageTest" name="verifySpecificColumnTest" time="21.907"/>
  <testcase classname="com.ae.qa.testcases.AuditLogsPageTest" name="verifycheckLogsTest" time="33.518"/>
  <testcase classname="com.ae.qa.testcases.AuditLogsPageTest" name="validateLogsPageTest" time="21.199"/>
</testsuite> <!-- com.ae.qa.testcases.AuditLogsPageTest -->
