<?xml version="1.0" encoding="UTF-8"?>
<!-- Generated by org.testng.reporters.JUnitReportReporter -->
<testsuite hostname="DESKTOP-5VHKQUJ" failures="0" tests="10" name="com.ae.qa.testcasesWorkflowAdmin.SchedulerPageTestWA" time="591.492" errors="0" timestamp="27 Jul 2022 13:16:09 GMT" skipped="0">
  <testcase classname="com.ae.qa.testcasesWorkflowAdmin.SchedulerPageTestWA" name="validateDailyScheduleWATest" time="67.717"/>
  <testcase classname="com.ae.qa.testcasesWorkflowAdmin.SchedulerPageTestWA" name="validateEditDailyScheduleWATest" time="54.087"/>
  <testcase classname="com.ae.qa.testcasesWorkflowAdmin.SchedulerPageTestWA" name="validateWeeklyScheduleWATest" time="87.994"/>
  <testcase classname="com.ae.qa.testcasesWorkflowAdmin.SchedulerPageTestWA" name="validateEditWeeklyScheduleWATest" time="35.535"/>
  <testcase classname="com.ae.qa.testcasesWorkflowAdmin.SchedulerPageTestWA" name="validateMonthlyScheduleWATest" time="83.836"/>
  <testcase classname="com.ae.qa.testcasesWorkflowAdmin.SchedulerPageTestWA" name="validateEditMonthlyScheduleWATest" time="33.345"/>
  <testcase classname="com.ae.qa.testcasesWorkflowAdmin.SchedulerPageTestWA" name="validateInfineScheduleWATest" time="72.565"/>
  <testcase classname="com.ae.qa.testcasesWorkflowAdmin.SchedulerPageTestWA" name="validateDeleteScheduleWATest" time="25.813"/>
  <testcase classname="com.ae.qa.testcasesWorkflowAdmin.SchedulerPageTestWA" name="validateEditScheduleCreateTATest" time="109.024"/>
  <testcase classname="com.ae.qa.testcasesWorkflowAdmin.SchedulerPageTestWA" name="validateInactiveScheduleCreateTATest" time="21.576"/>
</testsuite> <!-- com.ae.qa.testcasesWorkflowAdmin.SchedulerPageTestWA -->
