<?xml version="1.0" encoding="UTF-8"?>
<!-- Generated by org.testng.reporters.JUnitReportReporter -->
<testsuite hostname="DESKTOP-5VHKQUJ" failures="0" tests="3" name="com.ae.qa.testcasesTenantAdmin.PermissionsPageTestTA" time="170.228" errors="0" timestamp="13 Jan 2023 12:34:17 GMT" skipped="0">
  <testcase classname="com.ae.qa.testcasesTenantAdmin.PermissionsPageTestTA" name="validateWFAccessUserAddedInUserGroupTest" time="59.610"/>
  <testcase classname="com.ae.qa.testcasesTenantAdmin.PermissionsPageTestTA" name="validateRemoveWFPermissionTest" time="50.431"/>
  <testcase classname="com.ae.qa.testcasesTenantAdmin.PermissionsPageTestTA" name="validateWFAccessUserRemovedFromUserGroupTest" time="60.187"/>
</testsuite> <!-- com.ae.qa.testcasesTenantAdmin.PermissionsPageTestTA -->
