<?xml version="1.0" encoding="UTF-8"?>
<!-- Generated by org.testng.reporters.JUnitReportReporter -->
<testsuite hostname="DESKTOP-5VHKQUJ" failures="0" tests="1" name="com.ae.qa.testcasesActivityMonitor.InformationPageTestAM" time="94.090" errors="0" timestamp="03 Oct 2022 09:42:20 GMT" skipped="0">
  <testcase classname="com.ae.qa.testcasesActivityMonitor.InformationPageTestAM" name="validateLastLoginAMTest" time="94.090"/>
</testsuite> <!-- com.ae.qa.testcasesActivityMonitor.InformationPageTestAM -->
