<?xml version="1.0" encoding="UTF-8"?>
<!-- Generated by org.testng.reporters.JUnitReportReporter -->
<testsuite hostname="DESKTOP-5VHKQUJ" failures="0" tests="2" name="com.ae.qa.testcasesTenantUser.DashboardsPageTestTU" time="93.217" errors="0" timestamp="27 Jul 2022 09:46:56 GMT" skipped="0">
  <testcase classname="com.ae.qa.testcasesTenantUser.DashboardsPageTestTU" name="validateDashboardTodayTUTest" time="54.775"/>
  <testcase classname="com.ae.qa.testcasesTenantUser.DashboardsPageTestTU" name="validateDeleteDashboardWithReportTUTest" time="38.442"/>
</testsuite> <!-- com.ae.qa.testcasesTenantUser.DashboardsPageTestTU -->
