<?xml version="1.0" encoding="UTF-8"?>
<!-- Generated by org.testng.reporters.JUnitReportReporter -->
<testsuite hostname="DESKTOP-5VHKQUJ" failures="0" tests="1" name="com.ae.qa.testcases.IntegrationTypesPageTest" time="109.095" errors="0" timestamp="20 Dec 2022 07:52:11 GMT" skipped="0">
  <testcase classname="com.ae.qa.testcases.IntegrationTypesPageTest" name="validateDeleteIntegrationTypeTest" time="109.095"/>
</testsuite> <!-- com.ae.qa.testcases.IntegrationTypesPageTest -->
