<?xml version="1.0" encoding="UTF-8"?>
<!-- Generated by org.testng.reporters.JUnitReportReporter -->
<testsuite hostname="DESKTOP-5VHKQUJ" failures="0" tests="1" name="com.ae.qa.testcases.HomePageTest" time="54.384" errors="0" timestamp="05 Sep 2022 08:50:22 GMT" skipped="0">
  <testcase classname="com.ae.qa.testcases.HomePageTest" name="validateUploadLicenseTest" time="54.384"/>
</testsuite> <!-- com.ae.qa.testcases.HomePageTest -->
