<?xml version="1.0" encoding="UTF-8"?>
<!-- Generated by org.testng.reporters.JUnitReportReporter -->
<testsuite hostname="DESKTOP-5VHKQUJ" failures="0" tests="1" name="com.ae.qa.testcasesTenantUser.WorkflowsListPageTestTU" time="74.631" errors="0" timestamp="10 May 2022 06:42:52 GMT" skipped="0">
  <testcase classname="com.ae.qa.testcasesTenantUser.WorkflowsListPageTestTU" name="validateEditWorkflowTUTest" time="74.631"/>
</testsuite> <!-- com.ae.qa.testcasesTenantUser.WorkflowsListPageTestTU -->
