<?xml version="1.0" encoding="UTF-8"?>
<!-- Generated by org.testng.reporters.JUnitReportReporter -->
<testsuite hostname="DESKTOP-5VHKQUJ" failures="0" tests="1" name="com.ae.qa.testcasesTenantAdmin.DataSourcesPageTestTA" time="34.457" errors="0" timestamp="16 Jun 2022 07:55:34 GMT" skipped="0">
  <testcase classname="com.ae.qa.testcasesTenantAdmin.DataSourcesPageTestTA" name="validateDatasourcesPageTATest" time="34.457"/>
</testsuite> <!-- com.ae.qa.testcasesTenantAdmin.DataSourcesPageTestTA -->
