<?xml version="1.0" encoding="UTF-8"?>
<!-- Generated by org.testng.reporters.JUnitReportReporter -->
<testsuite hostname="DESKTOP-5VHKQUJ" failures="0" tests="2" name="com.ae.qa.testcasesTenantUser.RequestPageTestTU" time="54.556" errors="0" timestamp="27 Jul 2022 05:51:35 GMT" skipped="0">
  <testcase classname="com.ae.qa.testcasesTenantUser.RequestPageTestTU" name="validateSpecificColumnInRequestTUTest" time="30.212"/>
  <testcase classname="com.ae.qa.testcasesTenantUser.RequestPageTestTU" name="validateDownloadRequestTUTest" time="24.344"/>
</testsuite> <!-- com.ae.qa.testcasesTenantUser.RequestPageTestTU -->
