<?xml version="1.0" encoding="UTF-8"?>
<!-- Generated by org.testng.reporters.JUnitReportReporter -->
<testsuite hostname="LPT-0919" failures="0" tests="1" name="com.ae.qa.testcasesTenantAdmin.categoryTest" time="33.103" errors="0" timestamp="12 Apr 2021 09:34:05 GMT" skipped="0">
  <testcase classname="com.ae.qa.testcasesTenantAdmin.categoryTest" name="createCategory" time="33.103"/>
</testsuite> <!-- com.ae.qa.testcasesTenantAdmin.categoryTest -->
