<?xml version="1.0" encoding="UTF-8"?>
<!-- Generated by org.testng.reporters.JUnitReportReporter -->
<testsuite hostname="DESKTOP-5VHKQUJ" failures="0" tests="1" name="com.ae.qa.testcases.PluginAssignmentsPageTest" time="47.074" errors="0" timestamp="11 Jan 2023 05:23:26 GMT" skipped="0">
  <testcase classname="com.ae.qa.testcases.PluginAssignmentsPageTest" name="validateScheduleRequestPluginPermissionTest" time="47.074"/>
</testsuite> <!-- com.ae.qa.testcases.PluginAssignmentsPageTest -->
