<?xml version="1.0" encoding="UTF-8"?>
<!-- Generated by org.testng.reporters.JUnitReportReporter -->
<testsuite hostname="DESKTOP-5VHKQUJ" failures="0" tests="2" name="com.ae.qa.testcasesWorkflowAdmin.PluginsPageTestWA" time="58.923" errors="0" timestamp="28 Jun 2022 04:39:21 GMT" skipped="0">
  <testcase classname="com.ae.qa.testcasesWorkflowAdmin.PluginsPageTestWA" name="validatePluginStepsTest" time="29.623"/>
  <testcase classname="com.ae.qa.testcasesWorkflowAdmin.PluginsPageTestWA" name="validateWFPluginUtilizationTest" time="29.300"/>
</testsuite> <!-- com.ae.qa.testcasesWorkflowAdmin.PluginsPageTestWA -->
