<?xml version="1.0" encoding="UTF-8"?>
<!-- Generated by org.testng.reporters.JUnitReportReporter -->
<testsuite hostname="DESKTOP-5VHKQUJ" failures="0" tests="1" name="com.ae.qa.testcasesTenantAdmin.IntegrationTypeConfigPageTestTA" time="27.977" errors="0" timestamp="07 Apr 2022 05:20:24 GMT" skipped="0">
  <testcase classname="com.ae.qa.testcasesTenantAdmin.IntegrationTypeConfigPageTestTA" name="validateIntegrationTypeConfigurationsTabPageTATest" time="27.977"/>
</testsuite> <!-- com.ae.qa.testcasesTenantAdmin.IntegrationTypeConfigPageTestTA -->
