<?xml version="1.0" encoding="UTF-8"?>
<!-- Generated by org.testng.reporters.JUnitReportReporter -->
<testsuite hostname="DESKTOP-5VHKQUJ" failures="0" tests="1" name="com.ae.qa.testcasesTenantAdmin.AuditLogsPageTestTA" time="30.517" errors="0" timestamp="12 Aug 2022 11:44:29 GMT" skipped="0">
  <testcase classname="com.ae.qa.testcasesTenantAdmin.AuditLogsPageTestTA" name="validateLogLevelDropdownNotEqualToTest" time="30.517"/>
</testsuite> <!-- com.ae.qa.testcasesTenantAdmin.AuditLogsPageTestTA -->
