<?xml version="1.0" encoding="UTF-8"?>
<!-- Generated by org.testng.reporters.JUnitReportReporter -->
<testsuite hostname="DESKTOP-5VHKQUJ" failures="0" tests="2" name="com.ae.qa.testcasesTenantUser.CataloguePageTestTU" time="63.638" errors="0" timestamp="11 May 2022 06:53:20 GMT" skipped="0">
  <testcase classname="com.ae.qa.testcasesTenantUser.CataloguePageTestTU" name="validateSubmitReqDefaultCategoryTest" time="35.710"/>
  <testcase classname="com.ae.qa.testcasesTenantUser.CataloguePageTestTU" name="validateSubmitReqDefaultCustomTest" time="27.928"/>
</testsuite> <!-- com.ae.qa.testcasesTenantUser.CataloguePageTestTU -->
