<?xml version="1.0" encoding="UTF-8"?>
<!-- Generated by org.testng.reporters.JUnitReportReporter -->
<testsuite skipped="0" hostname="DESKTOP-96U8LI5" name="com.ae.qa.testcases.LoginPageTest1" tests="1" failures="0" timestamp="23 Apr 2020 05:21:56 GMT" time="121.031" errors="0">
  <testcase name="logInTest" time="121.031" classname="com.ae.qa.testcases.LoginPageTest1"/>
</testsuite> <!-- com.ae.qa.testcases.LoginPageTest1 -->
