<?xml version="1.0" encoding="UTF-8"?>
<!-- Generated by org.testng.reporters.JUnitReportReporter -->
<testsuite hostname="DESKTOP-5VHKQUJ" failures="0" tests="2" name="com.ae.qa.testcasesTenantAdmin.IntegrationServicePageTestTA" time="72.246" errors="0" timestamp="10 Jan 2023 06:17:13 GMT" skipped="0">
  <testcase classname="com.ae.qa.testcasesTenantAdmin.IntegrationServicePageTestTA" name="validateEditConfJobLowerLimitTATest" time="38.816"/>
  <testcase classname="com.ae.qa.testcasesTenantAdmin.IntegrationServicePageTestTA" name="validateEditUpdateResponseJobLowerLimitTATest" time="33.430"/>
</testsuite> <!-- com.ae.qa.testcasesTenantAdmin.IntegrationServicePageTestTA -->
