<?xml version="1.0" encoding="UTF-8"?>
<!-- Generated by org.testng.reporters.JUnitReportReporter -->
<testsuite hostname="DESKTOP-5VHKQUJ" failures="0" tests="1" name="com.ae.qa.testcasesAgentAdmin.InformationPageTestAA" time="76.426" errors="0" timestamp="03 Oct 2022 09:44:50 GMT" skipped="0">
  <testcase classname="com.ae.qa.testcasesAgentAdmin.InformationPageTestAA" name="validateLastLoginAATest" time="76.426"/>
</testsuite> <!-- com.ae.qa.testcasesAgentAdmin.InformationPageTestAA -->
