<?xml version="1.0" encoding="UTF-8"?>
<!-- Generated by org.testng.reporters.JUnitReportReporter -->
<testsuite hostname="LPT-0919" failures="0" tests="1" name="com.ae.qa.testcases.WorkflowsPageTest" time="12.178" errors="0" timestamp="22 Sep 2021 09:16:32 GMT" skipped="0">
  <testcase classname="com.ae.qa.testcases.WorkflowsPageTest" name="validateWorkflowsPageTest" time="12.178"/>
</testsuite> <!-- com.ae.qa.testcases.WorkflowsPageTest -->
