<?xml version="1.0" encoding="UTF-8"?>
<!-- Generated by org.testng.reporters.JUnitReportReporter -->
<testsuite hostname="DESKTOP-5VHKQUJ" failures="0" tests="1" name="com.ae.qa.testcasesTenantAdmin.SmtpPageTestTA" time="74.159" errors="0" timestamp="03 Oct 2022 07:37:40 GMT" skipped="0">
  <testcase classname="com.ae.qa.testcasesTenantAdmin.SmtpPageTestTA" name="validateAddSmtpServerTATest" time="74.159"/>
</testsuite> <!-- com.ae.qa.testcasesTenantAdmin.SmtpPageTestTA -->
