<?xml version="1.0" encoding="UTF-8"?>
<!-- Generated by org.testng.reporters.JUnitReportReporter -->
<testsuite hostname="DESKTOP-5VHKQUJ" failures="0" tests="2" name="com.ae.qa.testcasesTenantAdmin.UploadBulkNativeUsersTestTA" time="183.348" errors="0" timestamp="08 Apr 2022 07:18:39 GMT" skipped="0">
  <testcase classname="com.ae.qa.testcasesTenantAdmin.UploadBulkNativeUsersTestTA" name="bulkUserUploadWithoutEmailTest" time="94.464"/>
  <testcase classname="com.ae.qa.testcasesTenantAdmin.UploadBulkNativeUsersTestTA" name="bulkUserUploadTest" time="88.884"/>
</testsuite> <!-- com.ae.qa.testcasesTenantAdmin.UploadBulkNativeUsersTestTA -->
