<?xml version="1.0" encoding="UTF-8"?>
<!-- Generated by org.testng.reporters.JUnitReportReporter -->
<testsuite hostname="DESKTOP-5VHKQUJ" failures="0" tests="2" name="com.ae.qa.testcases.AgentAdmin.PluginsPageTestAA" time="59.677" errors="0" timestamp="28 Jun 2022 11:46:49 GMT" skipped="0">
  <testcase classname="com.ae.qa.testcases.AgentAdmin.PluginsPageTestAA" name="validatePluginStepsAATest" time="34.089"/>
  <testcase classname="com.ae.qa.testcases.AgentAdmin.PluginsPageTestAA" name="validateWFPluginUtilizationAATest" time="25.588"/>
</testsuite> <!-- com.ae.qa.testcases.AgentAdmin.PluginsPageTestAA -->
