<?xml version="1.0" encoding="UTF-8"?>
<!-- Generated by org.testng.reporters.JUnitReportReporter -->
<testsuite hostname="DESKTOP-5VHKQUJ" failures="0" tests="3" name="com.ae.qa.testcases.AgentAdmin.InformationPageTestAA" time="153.553" errors="0" timestamp="28 Jun 2022 11:45:39 GMT" skipped="0">
  <testcase classname="com.ae.qa.testcases.AgentAdmin.InformationPageTestAA" name="validateLastLoginAATest" time="79.361"/>
  <testcase classname="com.ae.qa.testcases.AgentAdmin.InformationPageTestAA" name="validateViewProfileAATest" time="46.120"/>
  <testcase classname="com.ae.qa.testcases.AgentAdmin.InformationPageTestAA" name="validateAboutTabAATest" time="28.072"/>
</testsuite> <!-- com.ae.qa.testcases.AgentAdmin.InformationPageTestAA -->
