<?xml version="1.0" encoding="UTF-8"?>
<!-- Generated by org.testng.reporters.JUnitReportReporter -->
<testsuite hostname="DESKTOP-5VHKQUJ" failures="0" tests="5" name="com.ae.qa.testcasesWorkflowAdmin.DashboardsPageTestWA" time="229.311" errors="0" timestamp="28 Jul 2022 04:29:46 GMT" skipped="0">
  <testcase classname="com.ae.qa.testcasesWorkflowAdmin.DashboardsPageTestWA" name="validateDashboardRelativeWATest" time="47.662"/>
  <testcase classname="com.ae.qa.testcasesWorkflowAdmin.DashboardsPageTestWA" name="validateEditDashboardToCustomWATest" time="76.051"/>
  <testcase classname="com.ae.qa.testcasesWorkflowAdmin.DashboardsPageTestWA" name="validateSetAsDefaultReportWATest" time="24.609"/>
  <testcase classname="com.ae.qa.testcasesWorkflowAdmin.DashboardsPageTestWA" name="validateDashboardTodayWATest" time="54.847"/>
  <testcase classname="com.ae.qa.testcasesWorkflowAdmin.DashboardsPageTestWA" name="validateDeleteDashboardWithReportWATest" time="26.142"/>
</testsuite> <!-- com.ae.qa.testcasesWorkflowAdmin.DashboardsPageTestWA -->
