<?xml version="1.0" encoding="UTF-8"?>
<!-- Generated by org.testng.reporters.JUnitReportReporter -->
<testsuite hostname="DESKTOP-5VHKQUJ" failures="0" tests="2" name="com.ae.qa.testcasesWorkflowAdmin.RequestsPageTestWA" time="110.833" errors="0" timestamp="19 Aug 2022 07:46:28 GMT" skipped="0">
  <testcase classname="com.ae.qa.testcasesWorkflowAdmin.RequestsPageTestWA" name="validateCreatedInBetweenTest" time="56.301"/>
  <testcase classname="com.ae.qa.testcasesWorkflowAdmin.RequestsPageTestWA" name="validateCreatedNotInBetweenTest" time="54.532"/>
</testsuite> <!-- com.ae.qa.testcasesWorkflowAdmin.RequestsPageTestWA -->
