<?xml version="1.0" encoding="UTF-8"?>
<!-- Generated by org.testng.reporters.JUnitReportReporter -->
<testsuite hostname="DESKTOP-5VHKQUJ" failures="0" tests="1" name="com.ae.qa.testcasesTenantAdmin.WorkflowAssignmentPageTestTA" time="55.777" errors="0" timestamp="08 Sep 2022 10:35:18 GMT" skipped="0">
  <testcase classname="com.ae.qa.testcasesTenantAdmin.WorkflowAssignmentPageTestTA" name="validateMultipleWorkflowAssignmentTest" time="55.777"/>
</testsuite> <!-- com.ae.qa.testcasesTenantAdmin.WorkflowAssignmentPageTestTA -->
