<?xml version="1.0" encoding="UTF-8"?>
<!-- Generated by org.testng.reporters.JUnitReportReporter -->
<testsuite hostname="DESKTOP-5VHKQUJ" failures="0" tests="11" name="com.ae.qa.testcasesTenantAdmin.HolidayCalenderPageTestTA" time="479.788" errors="0" timestamp="01 Nov 2022 09:14:50 GMT" skipped="0">
  <testcase classname="com.ae.qa.testcasesTenantAdmin.HolidayCalenderPageTestTA" name="validateCreateHolidayCalenderTest" time="55.165"/>
  <testcase classname="com.ae.qa.testcasesTenantAdmin.HolidayCalenderPageTestTA" name="validateCreateHolidayCalenderUpcomingYearTest" time="48.636"/>
  <testcase classname="com.ae.qa.testcasesTenantAdmin.HolidayCalenderPageTestTA" name="validateEditHolidayCalenderTest" time="39.258"/>
  <testcase classname="com.ae.qa.testcasesTenantAdmin.HolidayCalenderPageTestTA" name="validateRemoveHolidayListDatesTest" time="52.677"/>
  <testcase classname="com.ae.qa.testcasesTenantAdmin.HolidayCalenderPageTestTA" name="validateCreateCloneHolidayCalenderTest" time="32.857"/>
  <testcase classname="com.ae.qa.testcasesTenantAdmin.HolidayCalenderPageTestTA" name="validateEditCloneHolidayCalenderTest" time="42.807"/>
  <testcase classname="com.ae.qa.testcasesTenantAdmin.HolidayCalenderPageTestTA" name="validateRenewHoildayCalenderTest" time="58.659"/>
  <testcase classname="com.ae.qa.testcasesTenantAdmin.HolidayCalenderPageTestTA" name="validateEditRenewHolidayCalenderTest" time="37.889"/>
  <testcase classname="com.ae.qa.testcasesTenantAdmin.HolidayCalenderPageTestTA" name="validateRemoveHoildayDatesRenewTest" time="53.218"/>
  <testcase classname="com.ae.qa.testcasesTenantAdmin.HolidayCalenderPageTestTA" name="validateDeleteHolidayCalenderTest" time="35.514"/>
  <testcase classname="com.ae.qa.testcasesTenantAdmin.HolidayCalenderPageTestTA" name="validateHolidayCalenderPageTest" time="23.108"/>
</testsuite> <!-- com.ae.qa.testcasesTenantAdmin.HolidayCalenderPageTestTA -->
