<?xml version="1.0" encoding="UTF-8"?>
<!-- Generated by org.testng.reporters.JUnitReportReporter -->
<testsuite hostname="DESKTOP-5VHKQUJ" failures="0" tests="1" name="com.ae.qa.testcasesTenantAdmin.TenantPolicyPageTestTA" time="118.593" errors="0" timestamp="07 Sep 2022 07:04:04 GMT" skipped="0">
  <testcase classname="com.ae.qa.testcasesTenantAdmin.TenantPolicyPageTestTA" name="validateUnlockTenantUserRespectToTATest" time="118.593"/>
</testsuite> <!-- com.ae.qa.testcasesTenantAdmin.TenantPolicyPageTestTA -->
