<?xml version="1.0" encoding="UTF-8"?>
<!-- Generated by org.testng.reporters.JUnitReportReporter -->
<testsuite skipped="0" hostname="DESKTOP-96U8LI5" name="PluginAssignmentsPageTest" tests="2" failures="0" timestamp="01 Jul 2020 10:54:35 GMT" time="192.007" errors="0">
  <testcase name="validateAssignPluginSingleTenantTest" time="99.911" classname="PluginAssignmentsPageTest"/>
  <testcase name="validateAssignPluginAllTenantTest" time="92.096" classname="PluginAssignmentsPageTest"/>
</testsuite> <!-- PluginAssignmentsPageTest -->
