<?xml version="1.0" encoding="UTF-8"?>
<!-- Generated by org.testng.reporters.JUnitReportReporter -->
<testsuite hostname="DESKTOP-5VHKQUJ" failures="0" tests="4" name="com.ae.qa.testcasesTenantAdmin.IntegrationServicePageTestTA" time="134.161" errors="0" timestamp="27 Jun 2022 05:38:58 GMT" skipped="0">
  <testcase classname="com.ae.qa.testcasesTenantAdmin.IntegrationServicePageTestTA" name="validateAddIntegrationServicesTATest" time="65.930"/>
  <testcase classname="com.ae.qa.testcasesTenantAdmin.IntegrationServicePageTestTA" name="validateEditIntegrationServicesTATest" time="27.840"/>
  <testcase classname="com.ae.qa.testcasesTenantAdmin.IntegrationServicePageTestTA" name="validateDownloadIntegrationServicesTATest" time="19.703"/>
  <testcase classname="com.ae.qa.testcasesTenantAdmin.IntegrationServicePageTestTA" name="validateIntegrationServicesPageTATest" time="20.688"/>
</testsuite> <!-- com.ae.qa.testcasesTenantAdmin.IntegrationServicePageTestTA -->
