<?xml version="1.0" encoding="UTF-8"?>
<!-- Generated by org.testng.reporters.JUnitReportReporter -->
<testsuite hostname="DESKTOP-5VHKQUJ" failures="0" tests="4" name="com.ae.qa.testcases.FileManagementPageTest" time="105.139" errors="0" timestamp="16 Sep 2022 07:03:59 GMT" skipped="0">
  <testcase classname="com.ae.qa.testcases.FileManagementPageTest" name="validateUploadDriverTest" time="36.386"/>
  <testcase classname="com.ae.qa.testcases.FileManagementPageTest" name="validateFileManagmentPageTest" time="20.580"/>
  <testcase classname="com.ae.qa.testcases.FileManagementPageTest" name="validateEditUploadDriverTest" time="24.909"/>
  <testcase classname="com.ae.qa.testcases.FileManagementPageTest" name="validateDeleteUploadDriverTest" time="23.264"/>
</testsuite> <!-- com.ae.qa.testcases.FileManagementPageTest -->
