<?xml version="1.0" encoding="UTF-8"?>
<!-- Generated by org.testng.reporters.JUnitReportReporter -->
<testsuite hostname="DESKTOP-5VHKQUJ" failures="0" tests="2" name="com.ae.qa.testcasesTenantAdmin.IntegrationTypesPageTestTA" time="77.731" errors="0" timestamp="10 Jan 2023 12:38:40 GMT" skipped="0">
  <testcase classname="com.ae.qa.testcasesTenantAdmin.IntegrationTypesPageTestTA" name="validateEditIntegrationTypesTATest" time="53.469"/>
  <testcase classname="com.ae.qa.testcasesTenantAdmin.IntegrationTypesPageTestTA" name="validateDeleteIntegrationTypeTATest" time="24.262"/>
</testsuite> <!-- com.ae.qa.testcasesTenantAdmin.IntegrationTypesPageTestTA -->
