<?xml version="1.0" encoding="UTF-8"?>
<!-- Generated by org.testng.reporters.JUnitReportReporter -->
<testsuite hostname="DESKTOP-5VHKQUJ" failures="0" tests="4" name="com.ae.qa.testcasesTenantAdmin.UploadNativeUsersTestTA" time="101.672" errors="0" timestamp="23 Feb 2022 04:29:58 GMT" skipped="0">
  <testcase classname="com.ae.qa.testcasesTenantAdmin.UploadNativeUsersTestTA" name="bulkUserUploadWithEmailTest" time="38.339"/>
  <testcase classname="com.ae.qa.testcasesTenantAdmin.UploadNativeUsersTestTA" name="bulkUserUploadWithoutEmailTest" time="38.189"/>
  <testcase classname="com.ae.qa.testcasesTenantAdmin.UploadNativeUsersTestTA" name="changePasswordUploadedUserTest" time="18.373"/>
  <testcase classname="com.ae.qa.testcasesTenantAdmin.UploadNativeUsersTestTA" name="loginUploadedUserTest" time="6.771"/>
</testsuite> <!-- com.ae.qa.testcasesTenantAdmin.UploadNativeUsersTestTA -->
