<?xml version="1.0" encoding="UTF-8"?>
<!-- Generated by org.testng.reporters.JUnitReportReporter -->
<testsuite hostname="DESKTOP-5VHKQUJ" failures="0" tests="1" name="com.ae.qa.testcasesWorkflowAdmin.CredentialsPageTestWA" time="62.640" errors="0" timestamp="05 Jul 2022 11:14:22 GMT" skipped="0">
  <testcase classname="com.ae.qa.testcasesWorkflowAdmin.CredentialsPageTestWA" name="ValidateMoveCredentialToPoolWATest" time="62.640"/>
</testsuite> <!-- com.ae.qa.testcasesWorkflowAdmin.CredentialsPageTestWA -->
