<?xml version="1.0" encoding="UTF-8"?>
<!-- Generated by org.testng.reporters.JUnitReportReporter -->
<testsuite hostname="DESKTOP-5VHKQUJ" failures="0" tests="1" name="com.ae.qa.testcasesTenantAdmin.SchedulerPageTestTA" time="51.123" errors="0" timestamp="11 Jan 2023 04:52:56 GMT" skipped="0">
  <testcase classname="com.ae.qa.testcasesTenantAdmin.SchedulerPageTestTA" name="validateEditDailyScheduleTest" time="51.123"/>
</testsuite> <!-- com.ae.qa.testcasesTenantAdmin.SchedulerPageTestTA -->
