<?xml version="1.0" encoding="UTF-8"?>
<!-- Generated by org.testng.reporters.JUnitReportReporter -->
<testsuite hostname="DESKTOP-5VHKQUJ" failures="0" tests="6" name="com.ae.qa.testcasesTenantAdmin.CredentialsPageTestTA" time="237.761" errors="0" timestamp="14 Sep 2022 05:51:16 GMT" skipped="0">
  <testcase classname="com.ae.qa.testcasesTenantAdmin.CredentialsPageTestTA" name="ValidateCreateCredentialsTest" time="47.139"/>
  <testcase classname="com.ae.qa.testcasesTenantAdmin.CredentialsPageTestTA" name="ValidateEditCredentialsTest" time="56.320"/>
  <testcase classname="com.ae.qa.testcasesTenantAdmin.CredentialsPageTestTA" name="ValidateDuplicateCredentialsTest" time="39.559"/>
  <testcase classname="com.ae.qa.testcasesTenantAdmin.CredentialsPageTestTA" name="ValidateCreateCredentialPoolTest" time="35.285"/>
  <testcase classname="com.ae.qa.testcasesTenantAdmin.CredentialsPageTestTA" name="ValidateDuplicateCredentialPoolTest" time="34.130"/>
  <testcase classname="com.ae.qa.testcasesTenantAdmin.CredentialsPageTestTA" name="ValidateMoveCredentialToPoolTest" time="25.328"/>
</testsuite> <!-- com.ae.qa.testcasesTenantAdmin.CredentialsPageTestTA -->
