<?xml version="1.0" encoding="UTF-8"?>
<!-- Generated by org.testng.reporters.JUnitReportReporter -->
<testsuite hostname="LPT-0919" failures="0" tests="1" name="com.ae.qa.testcasesTenantAdmin.DataSourceTest" time="49.845" errors="0" timestamp="12 Apr 2021 12:39:44 GMT" skipped="0">
  <testcase classname="com.ae.qa.testcasesTenantAdmin.DataSourceTest" name="configDataSource" time="49.845"/>
</testsuite> <!-- com.ae.qa.testcasesTenantAdmin.DataSourceTest -->
