<?xml version="1.0" encoding="UTF-8"?>
<!-- Generated by org.testng.reporters.JUnitReportReporter -->
<testsuite hostname="DESKTOP-5VHKQUJ" failures="0" tests="1" name="com.ae.qa.testcasesTenantAdmin.EmailNotificationPageTestTA" time="35.092" errors="0" timestamp="28 Apr 2022 11:33:43 GMT" skipped="0">
  <testcase classname="com.ae.qa.testcasesTenantAdmin.EmailNotificationPageTestTA" name="validateEmailNotificationUnlockUserTest" time="35.092"/>
</testsuite> <!-- com.ae.qa.testcasesTenantAdmin.EmailNotificationPageTestTA -->
