<?xml version="1.0" encoding="UTF-8"?>
<!-- Generated by org.testng.reporters.JUnitReportReporter -->
<testsuite hostname="DESKTOP-5VHKQUJ" failures="0" tests="3" name="com.ae.qa.testcasesTenantUser.InformationPageTestTU" time="106.086" errors="0" timestamp="27 Jul 2022 05:37:44 GMT" skipped="0">
  <testcase classname="com.ae.qa.testcasesTenantUser.InformationPageTestTU" name="validateLastLoginTUTest" time="31.358"/>
  <testcase classname="com.ae.qa.testcasesTenantUser.InformationPageTestTU" name="validateViewProfileTUTest" time="48.239"/>
  <testcase classname="com.ae.qa.testcasesTenantUser.InformationPageTestTU" name="validateAboutTabTUTest" time="26.489"/>
</testsuite> <!-- com.ae.qa.testcasesTenantUser.InformationPageTestTU -->
