<?xml version="1.0" encoding="UTF-8"?>
<!-- Generated by org.testng.reporters.JUnitReportReporter -->
<testsuite hostname="DESKTOP-5VHKQUJ" failures="0" tests="1" name="com.ae.qa.testcases.PluginsPageTest" time="39.652" errors="0" timestamp="28 Sep 2022 07:49:42 GMT" skipped="0">
  <testcase classname="com.ae.qa.testcases.PluginsPageTest" name="validateSinglePluginUploadLowerVersionTest" time="39.652"/>
</testsuite> <!-- com.ae.qa.testcases.PluginsPageTest -->
