<?xml version="1.0" encoding="UTF-8"?>
<!-- Generated by org.testng.reporters.JUnitReportReporter -->
<testsuite hostname="DESKTOP-5VHKQUJ" failures="0" tests="1" name="com.ae.qa.testcasesTenantAdmin.ProcessStudioPageTestTA" time="32.703" errors="0" timestamp="20 Jul 2022 12:13:26 GMT" skipped="0">
  <testcase classname="com.ae.qa.testcasesTenantAdmin.ProcessStudioPageTestTA" name="validateProcessStudioDownloadLinuxTest" time="32.703"/>
</testsuite> <!-- com.ae.qa.testcasesTenantAdmin.ProcessStudioPageTestTA -->
