<?xml version="1.0" encoding="UTF-8"?>
<!-- Generated by org.testng.reporters.JUnitReportReporter -->
<testsuite hostname="DESKTOP-5VHKQUJ" failures="0" tests="1" name="com.ae.qa.testcasesTenantAdmin.HomePageTestTA" time="55.720" errors="0" timestamp="08 Sep 2022 05:35:39 GMT" skipped="0">
  <testcase classname="com.ae.qa.testcasesTenantAdmin.HomePageTestTA" name="validateLicenseDetailTabTest" time="55.720"/>
</testsuite> <!-- com.ae.qa.testcasesTenantAdmin.HomePageTestTA -->
