<?xml version="1.0" encoding="UTF-8"?>
<!-- Generated by org.testng.reporters.JUnitReportReporter -->
<testsuite hostname="DESKTOP-5VHKQUJ" failures="0" tests="2" name="com.ae.qa.testcases.TenantsPageTest" time="179.002" errors="0" timestamp="20 Dec 2022 05:02:20 GMT" skipped="0">
  <testcase classname="com.ae.qa.testcases.TenantsPageTest" name="validateDisableAllomentBasedTenantTest" time="84.795"/>
  <testcase classname="com.ae.qa.testcases.TenantsPageTest" name="validateEnableAllomentBasedTenantTest" time="94.207"/>
</testsuite> <!-- com.ae.qa.testcases.TenantsPageTest -->
