<?xml version="1.0" encoding="UTF-8"?>
<!-- Generated by org.testng.reporters.JUnitReportReporter -->
<testsuite hostname="DESKTOP-5VHKQUJ" failures="0" tests="2" name="com.ae.qa.testcasesWorkflowAdmin.CategoriesPageTestWA" time="100.331" errors="0" timestamp="05 Jul 2022 11:00:40 GMT" skipped="0">
  <testcase classname="com.ae.qa.testcasesWorkflowAdmin.CategoriesPageTestWA" name="ValidateAssignWFToCategoryWATest" time="54.389"/>
  <testcase classname="com.ae.qa.testcasesWorkflowAdmin.CategoriesPageTestWA" name="ValidateRemoveWFFromCategoryWATest" time="45.942"/>
</testsuite> <!-- com.ae.qa.testcasesWorkflowAdmin.CategoriesPageTestWA -->
