<?xml version="1.0" encoding="UTF-8"?>
<!-- Generated by org.testng.reporters.JUnitReportReporter -->
<testsuite hostname="DESKTOP-5VHKQUJ" failures="0" tests="5" name="com.ae.qa.testcases.SystemSettingsPageTest" time="148.053" errors="0" timestamp="11 Aug 2022 05:49:33 GMT" skipped="0">
  <testcase classname="com.ae.qa.testcases.SystemSettingsPageTest" name="validateAgentServerNotSetTest" time="48.708"/>
  <testcase classname="com.ae.qa.testcases.SystemSettingsPageTest" name="validateInvalidURLTest" time="24.978"/>
  <testcase classname="com.ae.qa.testcases.SystemSettingsPageTest" name="validateServerUrlTest" time="26.259"/>
  <testcase classname="com.ae.qa.testcases.SystemSettingsPageTest" name="validateEditCleanUpRequest" time="26.100"/>
  <testcase classname="com.ae.qa.testcases.SystemSettingsPageTest" name="validateSystemSettingsPageTest" time="22.008"/>
</testsuite> <!-- com.ae.qa.testcases.SystemSettingsPageTest -->
