<?xml version="1.0" encoding="UTF-8"?>
<!-- Generated by org.testng.reporters.JUnitReportReporter -->
<testsuite hostname="DESKTOP-5VHKQUJ" failures="0" tests="5" name="com.ae.qa.testcasesTenantAdmin.PluginsPageTestTA" time="782.565" errors="0" timestamp="17 Aug 2022 05:08:11 GMT" skipped="0">
  <testcase classname="com.ae.qa.testcasesTenantAdmin.PluginsPageTestTA" name="validateLastModifiedCreatedInBetweenTest" time="157.886"/>
  <testcase classname="com.ae.qa.testcasesTenantAdmin.PluginsPageTestTA" name="validateLastModifiedCreatedEqualToTest" time="153.608"/>
  <testcase classname="com.ae.qa.testcasesTenantAdmin.PluginsPageTestTA" name="validateLastModifiedCreatedBeforeTest" time="156.529"/>
  <testcase classname="com.ae.qa.testcasesTenantAdmin.PluginsPageTestTA" name="validateLastUpdatedModifiedNotInBetweenTest" time="158.613"/>
  <testcase classname="com.ae.qa.testcasesTenantAdmin.PluginsPageTestTA" name="validateLastModifiedCreatedAfterTest" time="155.929"/>
</testsuite> <!-- com.ae.qa.testcasesTenantAdmin.PluginsPageTestTA -->
