<?xml version="1.0" encoding="UTF-8"?>
<!-- Generated by org.testng.reporters.JUnitReportReporter -->
<testsuite hostname="DESKTOP-5VHKQUJ" failures="0" tests="7" name="com.ae.qa.testcasesTenantAdmin.CategoriesPageTestTA" time="267.323" errors="0" timestamp="16 Sep 2022 07:58:55 GMT" skipped="0">
  <testcase classname="com.ae.qa.testcasesTenantAdmin.CategoriesPageTestTA" name="ValidateCreateCategoryTest" time="43.953"/>
  <testcase classname="com.ae.qa.testcasesTenantAdmin.CategoriesPageTestTA" name="ValidateEditCategoryTest" time="46.540"/>
  <testcase classname="com.ae.qa.testcasesTenantAdmin.CategoriesPageTestTA" name="ValidateAssignWFToCategoryTest" time="35.546"/>
  <testcase classname="com.ae.qa.testcasesTenantAdmin.CategoriesPageTestTA" name="ValidateCreateDuplicateCategoryTest" time="42.946"/>
  <testcase classname="com.ae.qa.testcasesTenantAdmin.CategoriesPageTestTA" name="validateCategoriesPageTATest" time="17.527"/>
  <testcase classname="com.ae.qa.testcasesTenantAdmin.CategoriesPageTestTA" name="ValidateRemoveWFFromCategoryTest" time="38.861"/>
  <testcase classname="com.ae.qa.testcasesTenantAdmin.CategoriesPageTestTA" name="ValidateDeleteCategoryTest" time="41.950"/>
</testsuite> <!-- com.ae.qa.testcasesTenantAdmin.CategoriesPageTestTA -->
